
*** Running vivado
    with args -log tensil_pynqz2_smartconnect_1_0.vds -m64 -product Vivado -mode batch -messageDb vivado.pb -notrace -source tensil_pynqz2_smartconnect_1_0.tcl


****** Vivado v2022.2.2 (64-bit)
  **** SW Build 3788238 on Tue Feb 21 19:59:23 MST 2023
  **** IP Build 3783773 on Tue Feb 21 23:41:56 MST 2023
    ** Copyright 1986-2023 Xilinx, Inc. All Rights Reserved.

INFO: [Common 17-1460] Use of init.tcl in /home/likhith/.Xilinx/Vivado/init.tcl is deprecated. Please use Vivado_init.tcl 
Sourcing tcl script '/home/likhith/.Xilinx/Vivado/init.tcl'
source tensil_pynqz2_smartconnect_1_0.tcl -notrace
create_project: Time (s): cpu = 00:00:07 ; elapsed = 00:00:17 . Memory (MB): peak = 1281.273 ; gain = 10.023 ; free physical = 134 ; free virtual = 1722
WARNING: [Board 49-151] The current board 'tul.com.tw::pynq-z2:1.0' is from a local repo. The vivado install has a corresponding board with version greater than or equal to the local repo board. Please use boards from vivado install to avoid any upgrade/migrate issues
INFO: [IP_Flow 19-6924] IPCACHE: Running cache check for IP inst: tensil_pynqz2_smartconnect_1_0
Command: synth_design -top tensil_pynqz2_smartconnect_1_0 -part xc7z020clg400-1 -incremental_mode off -mode out_of_context
Starting synth_design
Attempting to get a license for feature 'Synthesis' and/or device 'xc7z020'
INFO: [Common 17-349] Got license for feature 'Synthesis' and/or device 'xc7z020'
INFO: [Device 21-403] Loading part xc7z020clg400-1
INFO: [Synth 8-7079] Multithreading enabled for synth_design using a maximum of 4 processes.
INFO: [Synth 8-7078] Launching helper process for spawning children vivado processes
INFO: [Synth 8-7075] Helper process launched with PID 73953

*** Running vivado
    with args -log tensil_pynqz2_smartconnect_1_0.vds -m64 -product Vivado -mode batch -messageDb vivado.pb -notrace -source tensil_pynqz2_smartconnect_1_0.tcl


****** Vivado v2022.2.2 (64-bit)
  **** SW Build 3788238 on Tue Feb 21 19:59:23 MST 2023
  **** IP Build 3783773 on Tue Feb 21 23:41:56 MST 2023
    ** Copyright 1986-2023 Xilinx, Inc. All Rights Reserved.

INFO: [Common 17-1460] Use of init.tcl in /home/likhith/.Xilinx/Vivado/init.tcl is deprecated. Please use Vivado_init.tcl 
Sourcing tcl script '/home/likhith/.Xilinx/Vivado/init.tcl'
source tensil_pynqz2_smartconnect_1_0.tcl -notrace
create_project: Time (s): cpu = 00:00:05 ; elapsed = 00:00:06 . Memory (MB): peak = 1330.113 ; gain = 0.023 ; free physical = 1022 ; free virtual = 5041
WARNING: [Board 49-151] The current board 'tul.com.tw::pynq-z2:1.0' is from a local repo. The vivado install has a corresponding board with version greater than or equal to the local repo board. Please use boards from vivado install to avoid any upgrade/migrate issues
INFO: [IP_Flow 19-6924] IPCACHE: Running cache check for IP inst: tensil_pynqz2_smartconnect_1_0
Command: synth_design -top tensil_pynqz2_smartconnect_1_0 -part xc7z020clg400-1 -incremental_mode off -mode out_of_context
Starting synth_design
Attempting to get a license for feature 'Synthesis' and/or device 'xc7z020'
INFO: [Common 17-349] Got license for feature 'Synthesis' and/or device 'xc7z020'
INFO: [Device 21-403] Loading part xc7z020clg400-1
INFO: [Synth 8-7079] Multithreading enabled for synth_design using a maximum of 4 processes.
INFO: [Synth 8-7078] Launching helper process for spawning children vivado processes
INFO: [Synth 8-7075] Helper process launched with PID 17497
INFO: [Synth 8-11241] undeclared symbol 'REGCCE', assumed default net type 'wire' [/home/likhith/Vivado/2022.2/data/verilog/src/unimacro/BRAM_SINGLE_MACRO.v:2170]
WARNING: [Synth 8-11067] parameter 'K_MAX_EP_ROUTE_WIDTH' declared inside package 'sc_util_v1_0_4_pkg' shall be treated as localparam [/home/likhith/mask_detection/mask_detection.gen/sources_1/bd/tensil_pynqz2/ipshared/f0b6/hdl/sc_util_v1_0_vl_rfs.sv:87]
WARNING: [Synth 8-11067] parameter 'K_MAX_SC_ROUTE_WIDTH' declared inside package 'sc_util_v1_0_4_pkg' shall be treated as localparam [/home/likhith/mask_detection/mask_detection.gen/sources_1/bd/tensil_pynqz2/ipshared/f0b6/hdl/sc_util_v1_0_vl_rfs.sv:88]
WARNING: [Synth 8-11067] parameter 'K_MAX_CMD_PTR' declared inside package 'sc_util_v1_0_4_pkg' shall be treated as localparam [/home/likhith/mask_detection/mask_detection.gen/sources_1/bd/tensil_pynqz2/ipshared/f0b6/hdl/sc_util_v1_0_vl_rfs.sv:89]
WARNING: [Synth 8-11067] parameter 'K_MAX_LUTRAM_PTR' declared inside package 'sc_util_v1_0_4_pkg' shall be treated as localparam [/home/likhith/mask_detection/mask_detection.gen/sources_1/bd/tensil_pynqz2/ipshared/f0b6/hdl/sc_util_v1_0_vl_rfs.sv:90]
WARNING: [Synth 8-11067] parameter 'K_MAX_BRAM_PTR' declared inside package 'sc_util_v1_0_4_pkg' shall be treated as localparam [/home/likhith/mask_detection/mask_detection.gen/sources_1/bd/tensil_pynqz2/ipshared/f0b6/hdl/sc_util_v1_0_vl_rfs.sv:91]
WARNING: [Synth 8-11067] parameter 'K_MIN_BRAM_PTR' declared inside package 'sc_util_v1_0_4_pkg' shall be treated as localparam [/home/likhith/mask_detection/mask_detection.gen/sources_1/bd/tensil_pynqz2/ipshared/f0b6/hdl/sc_util_v1_0_vl_rfs.sv:92]
WARNING: [Synth 8-11067] parameter 'K_MAX_SYNC_RATIO' declared inside package 'sc_util_v1_0_4_pkg' shall be treated as localparam [/home/likhith/mask_detection/mask_detection.gen/sources_1/bd/tensil_pynqz2/ipshared/f0b6/hdl/sc_util_v1_0_vl_rfs.sv:93]
WARNING: [Synth 8-11067] parameter 'K_MAX_PIPELINES' declared inside package 'sc_util_v1_0_4_pkg' shall be treated as localparam [/home/likhith/mask_detection/mask_detection.gen/sources_1/bd/tensil_pynqz2/ipshared/f0b6/hdl/sc_util_v1_0_vl_rfs.sv:94]
WARNING: [Synth 8-11067] parameter 'K_LOG_MAX_PIPELINES' declared inside package 'sc_util_v1_0_4_pkg' shall be treated as localparam [/home/likhith/mask_detection/mask_detection.gen/sources_1/bd/tensil_pynqz2/ipshared/f0b6/hdl/sc_util_v1_0_vl_rfs.sv:95]
WARNING: [Synth 8-11067] parameter 'K_MAX_LATENCY' declared inside package 'sc_util_v1_0_4_pkg' shall be treated as localparam [/home/likhith/mask_detection/mask_detection.gen/sources_1/bd/tensil_pynqz2/ipshared/f0b6/hdl/sc_util_v1_0_vl_rfs.sv:96]
WARNING: [Synth 8-11067] parameter 'K_LOG_MAX_LATENCY' declared inside package 'sc_util_v1_0_4_pkg' shall be treated as localparam [/home/likhith/mask_detection/mask_detection.gen/sources_1/bd/tensil_pynqz2/ipshared/f0b6/hdl/sc_util_v1_0_vl_rfs.sv:97]
WARNING: [Synth 8-11067] parameter 'K_AXIS_ARB_TDATA_NUM_BYTES' declared inside package 'sc_util_v1_0_4_pkg' shall be treated as localparam [/home/likhith/mask_detection/mask_detection.gen/sources_1/bd/tensil_pynqz2/ipshared/f0b6/hdl/sc_util_v1_0_vl_rfs.sv:98]
WARNING: [Synth 8-11067] parameter 'K_MAX_USER_BITS_PER_BYTE' declared inside package 'sc_util_v1_0_4_pkg' shall be treated as localparam [/home/likhith/mask_detection/mask_detection.gen/sources_1/bd/tensil_pynqz2/ipshared/f0b6/hdl/sc_util_v1_0_vl_rfs.sv:99]
WARNING: [Synth 8-11067] parameter 'K_MAX_INFO_WIDTH' declared inside package 'sc_util_v1_0_4_pkg' shall be treated as localparam [/home/likhith/mask_detection/mask_detection.gen/sources_1/bd/tensil_pynqz2/ipshared/f0b6/hdl/sc_util_v1_0_vl_rfs.sv:100]
WARNING: [Synth 8-11067] parameter 'K_MAX_OUTSTANDING_REQ' declared inside package 'sc_util_v1_0_4_pkg' shall be treated as localparam [/home/likhith/mask_detection/mask_detection.gen/sources_1/bd/tensil_pynqz2/ipshared/f0b6/hdl/sc_util_v1_0_vl_rfs.sv:101]
WARNING: [Synth 8-11067] parameter 'K_AXI_SIZE_WIDTH' declared inside package 'sc_util_v1_0_4_pkg' shall be treated as localparam [/home/likhith/mask_detection/mask_detection.gen/sources_1/bd/tensil_pynqz2/ipshared/f0b6/hdl/sc_util_v1_0_vl_rfs.sv:102]
WARNING: [Synth 8-11067] parameter 'K_AXI_BURST_WIDTH' declared inside package 'sc_util_v1_0_4_pkg' shall be treated as localparam [/home/likhith/mask_detection/mask_detection.gen/sources_1/bd/tensil_pynqz2/ipshared/f0b6/hdl/sc_util_v1_0_vl_rfs.sv:103]
WARNING: [Synth 8-11067] parameter 'K_AXI_RESP_WIDTH' declared inside package 'sc_util_v1_0_4_pkg' shall be treated as localparam [/home/likhith/mask_detection/mask_detection.gen/sources_1/bd/tensil_pynqz2/ipshared/f0b6/hdl/sc_util_v1_0_vl_rfs.sv:104]
WARNING: [Synth 8-11067] parameter 'K_AXI_LAST_WIDTH' declared inside package 'sc_util_v1_0_4_pkg' shall be treated as localparam [/home/likhith/mask_detection/mask_detection.gen/sources_1/bd/tensil_pynqz2/ipshared/f0b6/hdl/sc_util_v1_0_vl_rfs.sv:105]
WARNING: [Synth 8-11067] parameter 'K_AXI_LEN_WIDTH' declared inside package 'sc_util_v1_0_4_pkg' shall be treated as localparam [/home/likhith/mask_detection/mask_detection.gen/sources_1/bd/tensil_pynqz2/ipshared/f0b6/hdl/sc_util_v1_0_vl_rfs.sv:106]
WARNING: [Synth 8-11067] parameter 'K_AXI_EXCL_LEN_WIDTH' declared inside package 'sc_util_v1_0_4_pkg' shall be treated as localparam [/home/likhith/mask_detection/mask_detection.gen/sources_1/bd/tensil_pynqz2/ipshared/f0b6/hdl/sc_util_v1_0_vl_rfs.sv:107]
WARNING: [Synth 8-11067] parameter 'K_AXI_LOCK_WIDTH' declared inside package 'sc_util_v1_0_4_pkg' shall be treated as localparam [/home/likhith/mask_detection/mask_detection.gen/sources_1/bd/tensil_pynqz2/ipshared/f0b6/hdl/sc_util_v1_0_vl_rfs.sv:108]
WARNING: [Synth 8-11067] parameter 'K_AXI3_LEN_WIDTH' declared inside package 'sc_util_v1_0_4_pkg' shall be treated as localparam [/home/likhith/mask_detection/mask_detection.gen/sources_1/bd/tensil_pynqz2/ipshared/f0b6/hdl/sc_util_v1_0_vl_rfs.sv:109]
WARNING: [Synth 8-11067] parameter 'K_AXI3_LOCK_WIDTH' declared inside package 'sc_util_v1_0_4_pkg' shall be treated as localparam [/home/likhith/mask_detection/mask_detection.gen/sources_1/bd/tensil_pynqz2/ipshared/f0b6/hdl/sc_util_v1_0_vl_rfs.sv:110]
WARNING: [Synth 8-11067] parameter 'K_AXI_PROT_WIDTH' declared inside package 'sc_util_v1_0_4_pkg' shall be treated as localparam [/home/likhith/mask_detection/mask_detection.gen/sources_1/bd/tensil_pynqz2/ipshared/f0b6/hdl/sc_util_v1_0_vl_rfs.sv:111]
WARNING: [Synth 8-11067] parameter 'K_AXI_QOS_WIDTH' declared inside package 'sc_util_v1_0_4_pkg' shall be treated as localparam [/home/likhith/mask_detection/mask_detection.gen/sources_1/bd/tensil_pynqz2/ipshared/f0b6/hdl/sc_util_v1_0_vl_rfs.sv:112]
WARNING: [Synth 8-11067] parameter 'K_AXI_CACHE_WIDTH' declared inside package 'sc_util_v1_0_4_pkg' shall be treated as localparam [/home/likhith/mask_detection/mask_detection.gen/sources_1/bd/tensil_pynqz2/ipshared/f0b6/hdl/sc_util_v1_0_vl_rfs.sv:113]
WARNING: [Synth 8-11067] parameter 'K_MAX_ACCEPTANCE' declared inside package 'sc_util_v1_0_4_pkg' shall be treated as localparam [/home/likhith/mask_detection/mask_detection.gen/sources_1/bd/tensil_pynqz2/ipshared/f0b6/hdl/sc_util_v1_0_vl_rfs.sv:114]
WARNING: [Synth 8-11067] parameter 'K_MAX_FANOUT' declared inside package 'sc_util_v1_0_4_pkg' shall be treated as localparam [/home/likhith/mask_detection/mask_detection.gen/sources_1/bd/tensil_pynqz2/ipshared/f0b6/hdl/sc_util_v1_0_vl_rfs.sv:115]
WARNING: [Synth 8-11067] parameter 'K_MAX_READ_WATERMARK' declared inside package 'sc_util_v1_0_4_pkg' shall be treated as localparam [/home/likhith/mask_detection/mask_detection.gen/sources_1/bd/tensil_pynqz2/ipshared/f0b6/hdl/sc_util_v1_0_vl_rfs.sv:116]
WARNING: [Synth 8-11067] parameter 'K_MAX_BURST_LENGTH' declared inside package 'sc_util_v1_0_4_pkg' shall be treated as localparam [/home/likhith/mask_detection/mask_detection.gen/sources_1/bd/tensil_pynqz2/ipshared/f0b6/hdl/sc_util_v1_0_vl_rfs.sv:117]
WARNING: [Synth 8-11067] parameter 'CH_R' declared inside package 'sc_util_v1_0_4_pkg' shall be treated as localparam [/home/likhith/mask_detection/mask_detection.gen/sources_1/bd/tensil_pynqz2/ipshared/f0b6/hdl/sc_util_v1_0_vl_rfs.sv:164]
WARNING: [Synth 8-11067] parameter 'CH_W' declared inside package 'sc_util_v1_0_4_pkg' shall be treated as localparam [/home/likhith/mask_detection/mask_detection.gen/sources_1/bd/tensil_pynqz2/ipshared/f0b6/hdl/sc_util_v1_0_vl_rfs.sv:165]
WARNING: [Synth 8-11067] parameter 'CH_AR' declared inside package 'sc_util_v1_0_4_pkg' shall be treated as localparam [/home/likhith/mask_detection/mask_detection.gen/sources_1/bd/tensil_pynqz2/ipshared/f0b6/hdl/sc_util_v1_0_vl_rfs.sv:166]
WARNING: [Synth 8-11067] parameter 'CH_AW' declared inside package 'sc_util_v1_0_4_pkg' shall be treated as localparam [/home/likhith/mask_detection/mask_detection.gen/sources_1/bd/tensil_pynqz2/ipshared/f0b6/hdl/sc_util_v1_0_vl_rfs.sv:167]
WARNING: [Synth 8-11067] parameter 'CH_B' declared inside package 'sc_util_v1_0_4_pkg' shall be treated as localparam [/home/likhith/mask_detection/mask_detection.gen/sources_1/bd/tensil_pynqz2/ipshared/f0b6/hdl/sc_util_v1_0_vl_rfs.sv:168]
WARNING: [Synth 8-11067] parameter 'CLK_DOWN' declared inside package 'sc_util_v1_0_4_pkg' shall be treated as localparam [/home/likhith/mask_detection/mask_detection.gen/sources_1/bd/tensil_pynqz2/ipshared/f0b6/hdl/sc_util_v1_0_vl_rfs.sv:170]
WARNING: [Synth 8-11067] parameter 'CLK_SYNC_ALIAS' declared inside package 'sc_util_v1_0_4_pkg' shall be treated as localparam [/home/likhith/mask_detection/mask_detection.gen/sources_1/bd/tensil_pynqz2/ipshared/f0b6/hdl/sc_util_v1_0_vl_rfs.sv:171]
WARNING: [Synth 8-11067] parameter 'CLK_ASYNC' declared inside package 'sc_util_v1_0_4_pkg' shall be treated as localparam [/home/likhith/mask_detection/mask_detection.gen/sources_1/bd/tensil_pynqz2/ipshared/f0b6/hdl/sc_util_v1_0_vl_rfs.sv:172]
WARNING: [Synth 8-11067] parameter 'CLK_SYNC' declared inside package 'sc_util_v1_0_4_pkg' shall be treated as localparam [/home/likhith/mask_detection/mask_detection.gen/sources_1/bd/tensil_pynqz2/ipshared/f0b6/hdl/sc_util_v1_0_vl_rfs.sv:173]
WARNING: [Synth 8-11067] parameter 'CLK_UP' declared inside package 'sc_util_v1_0_4_pkg' shall be treated as localparam [/home/likhith/mask_detection/mask_detection.gen/sources_1/bd/tensil_pynqz2/ipshared/f0b6/hdl/sc_util_v1_0_vl_rfs.sv:174]
WARNING: [Synth 8-11067] parameter 'CLKEN_NONE' declared inside package 'sc_util_v1_0_4_pkg' shall be treated as localparam [/home/likhith/mask_detection/mask_detection.gen/sources_1/bd/tensil_pynqz2/ipshared/f0b6/hdl/sc_util_v1_0_vl_rfs.sv:176]
WARNING: [Synth 8-11067] parameter 'CLKEN_S' declared inside package 'sc_util_v1_0_4_pkg' shall be treated as localparam [/home/likhith/mask_detection/mask_detection.gen/sources_1/bd/tensil_pynqz2/ipshared/f0b6/hdl/sc_util_v1_0_vl_rfs.sv:177]
WARNING: [Synth 8-11067] parameter 'CLKEN_M' declared inside package 'sc_util_v1_0_4_pkg' shall be treated as localparam [/home/likhith/mask_detection/mask_detection.gen/sources_1/bd/tensil_pynqz2/ipshared/f0b6/hdl/sc_util_v1_0_vl_rfs.sv:178]
WARNING: [Synth 8-11067] parameter 'CLKEN_S_AND_M' declared inside package 'sc_util_v1_0_4_pkg' shall be treated as localparam [/home/likhith/mask_detection/mask_detection.gen/sources_1/bd/tensil_pynqz2/ipshared/f0b6/hdl/sc_util_v1_0_vl_rfs.sv:179]
WARNING: [Synth 8-11067] parameter 'ARB_BYPASS' declared inside package 'sc_util_v1_0_4_pkg' shall be treated as localparam [/home/likhith/mask_detection/mask_detection.gen/sources_1/bd/tensil_pynqz2/ipshared/f0b6/hdl/sc_util_v1_0_vl_rfs.sv:180]
WARNING: [Synth 8-11067] parameter 'ARB_ROUNDROBIN' declared inside package 'sc_util_v1_0_4_pkg' shall be treated as localparam [/home/likhith/mask_detection/mask_detection.gen/sources_1/bd/tensil_pynqz2/ipshared/f0b6/hdl/sc_util_v1_0_vl_rfs.sv:181]
WARNING: [Synth 8-11067] parameter 'ARB_SLAVE' declared inside package 'sc_util_v1_0_4_pkg' shall be treated as localparam [/home/likhith/mask_detection/mask_detection.gen/sources_1/bd/tensil_pynqz2/ipshared/f0b6/hdl/sc_util_v1_0_vl_rfs.sv:182]
WARNING: [Synth 8-11067] parameter 'FIFO_LUTRAM' declared inside package 'sc_util_v1_0_4_pkg' shall be treated as localparam [/home/likhith/mask_detection/mask_detection.gen/sources_1/bd/tensil_pynqz2/ipshared/f0b6/hdl/sc_util_v1_0_vl_rfs.sv:183]
WARNING: [Synth 8-11067] parameter 'FIFO_BRAM' declared inside package 'sc_util_v1_0_4_pkg' shall be treated as localparam [/home/likhith/mask_detection/mask_detection.gen/sources_1/bd/tensil_pynqz2/ipshared/f0b6/hdl/sc_util_v1_0_vl_rfs.sv:184]
WARNING: [Synth 8-11067] parameter 'FIFO_NONE' declared inside package 'sc_util_v1_0_4_pkg' shall be treated as localparam [/home/likhith/mask_detection/mask_detection.gen/sources_1/bd/tensil_pynqz2/ipshared/f0b6/hdl/sc_util_v1_0_vl_rfs.sv:185]
WARNING: [Synth 8-11067] parameter 'FIFO_IP_XPM_MEMORY' declared inside package 'sc_util_v1_0_4_pkg' shall be treated as localparam [/home/likhith/mask_detection/mask_detection.gen/sources_1/bd/tensil_pynqz2/ipshared/f0b6/hdl/sc_util_v1_0_vl_rfs.sv:186]
WARNING: [Synth 8-11067] parameter 'FIFO_IP_FG' declared inside package 'sc_util_v1_0_4_pkg' shall be treated as localparam [/home/likhith/mask_detection/mask_detection.gen/sources_1/bd/tensil_pynqz2/ipshared/f0b6/hdl/sc_util_v1_0_vl_rfs.sv:187]
WARNING: [Synth 8-11067] parameter 'FIFO_IP_XPM_FIFO' declared inside package 'sc_util_v1_0_4_pkg' shall be treated as localparam [/home/likhith/mask_detection/mask_detection.gen/sources_1/bd/tensil_pynqz2/ipshared/f0b6/hdl/sc_util_v1_0_vl_rfs.sv:188]
WARNING: [Synth 8-11067] parameter 'K_T_STRUCT_EXCLUSIVE_WIDTH' declared inside package 'sc_util_v1_0_4_pkg' shall be treated as localparam [/home/likhith/mask_detection/mask_detection.gen/sources_1/bd/tensil_pynqz2/ipshared/f0b6/hdl/sc_util_v1_0_vl_rfs.sv:230]
WARNING: [Synth 8-11067] parameter 'K_T_STATIC_ADDR_PAYLD_WIDTH' declared inside package 'sc_util_v1_0_4_pkg' shall be treated as localparam [/home/likhith/mask_detection/mask_detection.gen/sources_1/bd/tensil_pynqz2/ipshared/f0b6/hdl/sc_util_v1_0_vl_rfs.sv:232]
WARNING: [Synth 8-11067] parameter 'K_T_STATIC_RDATA_PAYLD_WIDTH' declared inside package 'sc_util_v1_0_4_pkg' shall be treated as localparam [/home/likhith/mask_detection/mask_detection.gen/sources_1/bd/tensil_pynqz2/ipshared/f0b6/hdl/sc_util_v1_0_vl_rfs.sv:240]
WARNING: [Synth 8-11067] parameter 'K_T_STATIC_WDATA_PAYLD_WIDTH' declared inside package 'sc_util_v1_0_4_pkg' shall be treated as localparam [/home/likhith/mask_detection/mask_detection.gen/sources_1/bd/tensil_pynqz2/ipshared/f0b6/hdl/sc_util_v1_0_vl_rfs.sv:244]
WARNING: [Synth 8-11067] parameter 'K_T_STATIC_BRSP_PAYLD_WIDTH' declared inside package 'sc_util_v1_0_4_pkg' shall be treated as localparam [/home/likhith/mask_detection/mask_detection.gen/sources_1/bd/tensil_pynqz2/ipshared/f0b6/hdl/sc_util_v1_0_vl_rfs.sv:247]
WARNING: [Synth 8-11067] parameter 'K_T_EXCLUSIVE_WIDTH' declared inside package 'sc_util_v1_0_4_pkg' shall be treated as localparam [/home/likhith/mask_detection/mask_detection.gen/sources_1/bd/tensil_pynqz2/ipshared/f0b6/hdl/sc_util_v1_0_vl_rfs.sv:253]
WARNING: [Synth 8-11067] parameter 'K_T_ADDR_AUGMENT_WIDTH' declared inside package 'sc_util_v1_0_4_pkg' shall be treated as localparam [/home/likhith/mask_detection/mask_detection.gen/sources_1/bd/tensil_pynqz2/ipshared/f0b6/hdl/sc_util_v1_0_vl_rfs.sv:256]
WARNING: [Synth 8-11067] parameter 'K_T_DATA_AUGMENT_WIDTH' declared inside package 'sc_util_v1_0_4_pkg' shall be treated as localparam [/home/likhith/mask_detection/mask_detection.gen/sources_1/bd/tensil_pynqz2/ipshared/f0b6/hdl/sc_util_v1_0_vl_rfs.sv:259]
WARNING: [Synth 8-11067] parameter 'K_T_BRSP_AUGMENT_WIDTH' declared inside package 'sc_util_v1_0_4_pkg' shall be treated as localparam [/home/likhith/mask_detection/mask_detection.gen/sources_1/bd/tensil_pynqz2/ipshared/f0b6/hdl/sc_util_v1_0_vl_rfs.sv:261]
WARNING: [Synth 8-11067] parameter 'K_USABLE_T_ADDR_CASCADE_WIDTH' declared inside package 'sc_util_v1_0_4_pkg' shall be treated as localparam [/home/likhith/mask_detection/mask_detection.gen/sources_1/bd/tensil_pynqz2/ipshared/f0b6/hdl/sc_util_v1_0_vl_rfs.sv:263]
WARNING: [Synth 8-11067] parameter 'K_USABLE_T_DATA_CASCADE_WIDTH' declared inside package 'sc_util_v1_0_4_pkg' shall be treated as localparam [/home/likhith/mask_detection/mask_detection.gen/sources_1/bd/tensil_pynqz2/ipshared/f0b6/hdl/sc_util_v1_0_vl_rfs.sv:265]
WARNING: [Synth 8-11067] parameter 'K_USABLE_T_BRSP_CASCADE_WIDTH' declared inside package 'sc_util_v1_0_4_pkg' shall be treated as localparam [/home/likhith/mask_detection/mask_detection.gen/sources_1/bd/tensil_pynqz2/ipshared/f0b6/hdl/sc_util_v1_0_vl_rfs.sv:267]
WARNING: [Synth 8-11067] parameter 'K_T_CASCADE_WIDTH' declared inside package 'sc_util_v1_0_4_pkg' shall be treated as localparam [/home/likhith/mask_detection/mask_detection.gen/sources_1/bd/tensil_pynqz2/ipshared/f0b6/hdl/sc_util_v1_0_vl_rfs.sv:270]
WARNING: [Synth 8-11067] parameter 'K_T_SEG_LEN_WIDTH' declared inside package 'sc_util_v1_0_4_pkg' shall be treated as localparam [/home/likhith/mask_detection/mask_detection.gen/sources_1/bd/tensil_pynqz2/ipshared/f0b6/hdl/sc_util_v1_0_vl_rfs.sv:304]
WARNING: [Synth 8-11067] parameter 'K_USABLE_T_ADDR_SIDEBAND_WIDTH' declared inside package 'sc_util_v1_0_4_pkg' shall be treated as localparam [/home/likhith/mask_detection/mask_detection.gen/sources_1/bd/tensil_pynqz2/ipshared/f0b6/hdl/sc_util_v1_0_vl_rfs.sv:305]
WARNING: [Synth 8-11067] parameter 'K_USABLE_T_DATA_SIDEBAND_WIDTH' declared inside package 'sc_util_v1_0_4_pkg' shall be treated as localparam [/home/likhith/mask_detection/mask_detection.gen/sources_1/bd/tensil_pynqz2/ipshared/f0b6/hdl/sc_util_v1_0_vl_rfs.sv:308]
WARNING: [Synth 8-11067] parameter 'K_USABLE_T_BRSP_SIDEBAND_WIDTH' declared inside package 'sc_util_v1_0_4_pkg' shall be treated as localparam [/home/likhith/mask_detection/mask_detection.gen/sources_1/bd/tensil_pynqz2/ipshared/f0b6/hdl/sc_util_v1_0_vl_rfs.sv:310]
WARNING: [Synth 8-11067] parameter 'K_T_SIDEBAND_WIDTH' declared inside package 'sc_util_v1_0_4_pkg' shall be treated as localparam [/home/likhith/mask_detection/mask_detection.gen/sources_1/bd/tensil_pynqz2/ipshared/f0b6/hdl/sc_util_v1_0_vl_rfs.sv:313]
WARNING: [Synth 8-11067] parameter 'K_USABLE_T_AXPAYLD_WIDTH' declared inside package 'sc_util_v1_0_4_pkg' shall be treated as localparam [/home/likhith/mask_detection/mask_detection.gen/sources_1/bd/tensil_pynqz2/ipshared/f0b6/hdl/sc_util_v1_0_vl_rfs.sv:341]
WARNING: [Synth 8-11067] parameter 'K_USABLE_T_WPAYLD_WIDTH' declared inside package 'sc_util_v1_0_4_pkg' shall be treated as localparam [/home/likhith/mask_detection/mask_detection.gen/sources_1/bd/tensil_pynqz2/ipshared/f0b6/hdl/sc_util_v1_0_vl_rfs.sv:348]
WARNING: [Synth 8-11067] parameter 'K_USABLE_T_RPAYLD_WIDTH' declared inside package 'sc_util_v1_0_4_pkg' shall be treated as localparam [/home/likhith/mask_detection/mask_detection.gen/sources_1/bd/tensil_pynqz2/ipshared/f0b6/hdl/sc_util_v1_0_vl_rfs.sv:352]
WARNING: [Synth 8-11067] parameter 'K_USABLE_T_BPAYLD_WIDTH' declared inside package 'sc_util_v1_0_4_pkg' shall be treated as localparam [/home/likhith/mask_detection/mask_detection.gen/sources_1/bd/tensil_pynqz2/ipshared/f0b6/hdl/sc_util_v1_0_vl_rfs.sv:357]
WARNING: [Synth 8-11067] parameter 'K_T_PAYLD_WIDTH' declared inside package 'sc_util_v1_0_4_pkg' shall be treated as localparam [/home/likhith/mask_detection/mask_detection.gen/sources_1/bd/tensil_pynqz2/ipshared/f0b6/hdl/sc_util_v1_0_vl_rfs.sv:361]
WARNING: [Synth 8-11067] parameter 'K_MAX_PAYLD_WIDTH' declared inside package 'sc_util_v1_0_4_pkg' shall be treated as localparam [/home/likhith/mask_detection/mask_detection.gen/sources_1/bd/tensil_pynqz2/ipshared/f0b6/hdl/sc_util_v1_0_vl_rfs.sv:362]
WARNING: [Synth 8-11067] parameter 'K_USABLE_T_AXVECTOR_WIDTH' declared inside package 'sc_util_v1_0_4_pkg' shall be treated as localparam [/home/likhith/mask_detection/mask_detection.gen/sources_1/bd/tensil_pynqz2/ipshared/f0b6/hdl/sc_util_v1_0_vl_rfs.sv:547]
WARNING: [Synth 8-11067] parameter 'K_USABLE_T_WVECTOR_WIDTH' declared inside package 'sc_util_v1_0_4_pkg' shall be treated as localparam [/home/likhith/mask_detection/mask_detection.gen/sources_1/bd/tensil_pynqz2/ipshared/f0b6/hdl/sc_util_v1_0_vl_rfs.sv:557]
WARNING: [Synth 8-11067] parameter 'K_USABLE_T_RVECTOR_WIDTH' declared inside package 'sc_util_v1_0_4_pkg' shall be treated as localparam [/home/likhith/mask_detection/mask_detection.gen/sources_1/bd/tensil_pynqz2/ipshared/f0b6/hdl/sc_util_v1_0_vl_rfs.sv:561]
WARNING: [Synth 8-11067] parameter 'K_USABLE_T_BVECTOR_WIDTH' declared inside package 'sc_util_v1_0_4_pkg' shall be treated as localparam [/home/likhith/mask_detection/mask_detection.gen/sources_1/bd/tensil_pynqz2/ipshared/f0b6/hdl/sc_util_v1_0_vl_rfs.sv:566]
WARNING: [Synth 8-11067] parameter 'K_STATIC_AXVECTOR_WIDTH' declared inside package 'sc_util_v1_0_4_pkg' shall be treated as localparam [/home/likhith/mask_detection/mask_detection.gen/sources_1/bd/tensil_pynqz2/ipshared/f0b6/hdl/sc_util_v1_0_vl_rfs.sv:574]
WARNING: [Synth 8-11067] parameter 'K_STATIC_WVECTOR_WIDTH' declared inside package 'sc_util_v1_0_4_pkg' shall be treated as localparam [/home/likhith/mask_detection/mask_detection.gen/sources_1/bd/tensil_pynqz2/ipshared/f0b6/hdl/sc_util_v1_0_vl_rfs.sv:584]
WARNING: [Synth 8-11067] parameter 'K_STATIC_RVECTOR_WIDTH' declared inside package 'sc_util_v1_0_4_pkg' shall be treated as localparam [/home/likhith/mask_detection/mask_detection.gen/sources_1/bd/tensil_pynqz2/ipshared/f0b6/hdl/sc_util_v1_0_vl_rfs.sv:588]
WARNING: [Synth 8-11067] parameter 'K_STATIC_BVECTOR_WIDTH' declared inside package 'sc_util_v1_0_4_pkg' shall be treated as localparam [/home/likhith/mask_detection/mask_detection.gen/sources_1/bd/tensil_pynqz2/ipshared/f0b6/hdl/sc_util_v1_0_vl_rfs.sv:593]
WARNING: [Synth 8-11067] parameter 'K_T_VECTOR_WIDTH' declared inside package 'sc_util_v1_0_4_pkg' shall be treated as localparam [/home/likhith/mask_detection/mask_detection.gen/sources_1/bd/tensil_pynqz2/ipshared/f0b6/hdl/sc_util_v1_0_vl_rfs.sv:596]
WARNING: [Synth 8-11067] parameter 'K_MAX_VECTOR_WIDTH' declared inside package 'sc_util_v1_0_4_pkg' shall be treated as localparam [/home/likhith/mask_detection/mask_detection.gen/sources_1/bd/tensil_pynqz2/ipshared/f0b6/hdl/sc_util_v1_0_vl_rfs.sv:597]
WARNING: [Synth 8-11067] parameter 'K_MAX_NUM_MNOC' declared inside package 'sc_util_v1_0_4_pkg_noc' shall be treated as localparam [/home/likhith/mask_detection/mask_detection.gen/sources_1/bd/tensil_pynqz2/ipshared/f0b6/hdl/sc_util_v1_0_vl_rfs.sv:674]
WARNING: [Synth 8-11067] parameter 'K_MAX_NUM_SNOC' declared inside package 'sc_util_v1_0_4_pkg_noc' shall be treated as localparam [/home/likhith/mask_detection/mask_detection.gen/sources_1/bd/tensil_pynqz2/ipshared/f0b6/hdl/sc_util_v1_0_vl_rfs.sv:675]
WARNING: [Synth 8-11067] parameter 'NOC_MAX_SCHED_LEN' declared inside package 'sc_util_v1_0_4_pkg_noc' shall be treated as localparam [/home/likhith/mask_detection/mask_detection.gen/sources_1/bd/tensil_pynqz2/ipshared/f0b6/hdl/sc_util_v1_0_vl_rfs.sv:676]
WARNING: [Synth 8-11067] parameter 'NOC_MAX_TKN_WIDTH' declared inside package 'sc_util_v1_0_4_pkg_noc' shall be treated as localparam [/home/likhith/mask_detection/mask_detection.gen/sources_1/bd/tensil_pynqz2/ipshared/f0b6/hdl/sc_util_v1_0_vl_rfs.sv:677]
WARNING: [Synth 8-11067] parameter 'NOC_MAX_RTR_ADDR_WIDTH' declared inside package 'sc_util_v1_0_4_pkg_noc' shall be treated as localparam [/home/likhith/mask_detection/mask_detection.gen/sources_1/bd/tensil_pynqz2/ipshared/f0b6/hdl/sc_util_v1_0_vl_rfs.sv:678]
WARNING: [Synth 8-11067] parameter 'NOC_PORT_EJECT' declared inside package 'sc_util_v1_0_4_pkg_noc' shall be treated as localparam [/home/likhith/mask_detection/mask_detection.gen/sources_1/bd/tensil_pynqz2/ipshared/f0b6/hdl/sc_util_v1_0_vl_rfs.sv:679]
WARNING: [Synth 8-11067] parameter 'NOC_PORT_ASCEND' declared inside package 'sc_util_v1_0_4_pkg_noc' shall be treated as localparam [/home/likhith/mask_detection/mask_detection.gen/sources_1/bd/tensil_pynqz2/ipshared/f0b6/hdl/sc_util_v1_0_vl_rfs.sv:680]
WARNING: [Synth 8-11067] parameter 'NOC_PORT_DESCEND' declared inside package 'sc_util_v1_0_4_pkg_noc' shall be treated as localparam [/home/likhith/mask_detection/mask_detection.gen/sources_1/bd/tensil_pynqz2/ipshared/f0b6/hdl/sc_util_v1_0_vl_rfs.sv:681]
WARNING: [Synth 8-11067] parameter 'NOC_PORT_THROUGH' declared inside package 'sc_util_v1_0_4_pkg_noc' shall be treated as localparam [/home/likhith/mask_detection/mask_detection.gen/sources_1/bd/tensil_pynqz2/ipshared/f0b6/hdl/sc_util_v1_0_vl_rfs.sv:682]
WARNING: [Synth 8-11067] parameter 'NOC_TOKEN_THROUGH' declared inside package 'sc_util_v1_0_4_pkg_noc' shall be treated as localparam [/home/likhith/mask_detection/mask_detection.gen/sources_1/bd/tensil_pynqz2/ipshared/f0b6/hdl/sc_util_v1_0_vl_rfs.sv:683]
WARNING: [Synth 8-11067] parameter 'NOC_TOKEN_ASCEND' declared inside package 'sc_util_v1_0_4_pkg_noc' shall be treated as localparam [/home/likhith/mask_detection/mask_detection.gen/sources_1/bd/tensil_pynqz2/ipshared/f0b6/hdl/sc_util_v1_0_vl_rfs.sv:684]
WARNING: [Synth 8-11067] parameter 'NOC_TOKEN_DESCEND' declared inside package 'sc_util_v1_0_4_pkg_noc' shall be treated as localparam [/home/likhith/mask_detection/mask_detection.gen/sources_1/bd/tensil_pynqz2/ipshared/f0b6/hdl/sc_util_v1_0_vl_rfs.sv:685]
INFO: [Common 17-14] Message 'Synth 8-11067' appears 100 times and further instances of the messages will be disabled. Use the Tcl command set_msg_config to change the current settings.
WARNING: [Synth 8-11014] non-net output port 'upsizer_valid' cannot be initialized at declaration in SystemVerilog mode [/home/likhith/mask_detection/mask_detection.gen/sources_1/bd/tensil_pynqz2/ipshared/66be/hdl/sc_node_v1_0_vl_rfs.sv:2589]
---------------------------------------------------------------------------------
Starting RTL Elaboration : Time (s): cpu = 00:00:06 ; elapsed = 00:00:06 . Memory (MB): peak = 2001.508 ; gain = 370.770 ; free physical = 240 ; free virtual = 4153
Synthesis current peak Physical Memory [PSS] (MB): peak = 1303.816; parent = 1143.907; children = 159.909
Synthesis current peak Virtual Memory [VSS] (MB): peak = 3015.898; parent = 2017.355; children = 998.543
---------------------------------------------------------------------------------
INFO: [Synth 8-6157] synthesizing module 'tensil_pynqz2_smartconnect_1_0' [/home/likhith/mask_detection/mask_detection.gen/sources_1/bd/tensil_pynqz2/ip/tensil_pynqz2_smartconnect_1_0/synth/tensil_pynqz2_smartconnect_1_0.v:53]
INFO: [Synth 8-6157] synthesizing module 'bd_a878' [/home/likhith/mask_detection/mask_detection.gen/sources_1/bd/tensil_pynqz2/ip/tensil_pynqz2_smartconnect_1_0/bd_0/synth/bd_a878.v:9]
INFO: [Synth 8-6157] synthesizing module 'clk_map_imp_G6MO4E' [/home/likhith/mask_detection/mask_detection.gen/sources_1/bd/tensil_pynqz2/ip/tensil_pynqz2_smartconnect_1_0/bd_0/synth/bd_a878.v:783]
INFO: [Synth 8-6157] synthesizing module 'bd_a878_one_0' [/home/likhith/mask_detection/mask_detection.gen/sources_1/bd/tensil_pynqz2/ip/tensil_pynqz2_smartconnect_1_0/bd_0/ip/ip_0/synth/bd_a878_one_0.v:53]
INFO: [Synth 8-6157] synthesizing module 'xlconstant_v1_1_7_xlconstant' [/home/likhith/mask_detection/mask_detection.gen/sources_1/bd/tensil_pynqz2/ipshared/badb/hdl/xlconstant_v1_1_vl_rfs.v:23]
INFO: [Synth 8-6155] done synthesizing module 'xlconstant_v1_1_7_xlconstant' (0#1) [/home/likhith/mask_detection/mask_detection.gen/sources_1/bd/tensil_pynqz2/ipshared/badb/hdl/xlconstant_v1_1_vl_rfs.v:23]
INFO: [Synth 8-6155] done synthesizing module 'bd_a878_one_0' (0#1) [/home/likhith/mask_detection/mask_detection.gen/sources_1/bd/tensil_pynqz2/ip/tensil_pynqz2_smartconnect_1_0/bd_0/ip/ip_0/synth/bd_a878_one_0.v:53]
INFO: [Synth 8-638] synthesizing module 'bd_a878_psr_aclk_0' [/home/likhith/mask_detection/mask_detection.gen/sources_1/bd/tensil_pynqz2/ip/tensil_pynqz2_smartconnect_1_0/bd_0/ip/ip_1/synth/bd_a878_psr_aclk_0.vhd:74]
	Parameter C_FAMILY bound to: zynq - type: string 
	Parameter C_EXT_RST_WIDTH bound to: 4 - type: integer 
	Parameter C_AUX_RST_WIDTH bound to: 1 - type: integer 
	Parameter C_EXT_RESET_HIGH bound to: 1'b0 
	Parameter C_AUX_RESET_HIGH bound to: 1'b0 
	Parameter C_NUM_BUS_RST bound to: 1 - type: integer 
	Parameter C_NUM_PERP_RST bound to: 1 - type: integer 
	Parameter C_NUM_INTERCONNECT_ARESETN bound to: 1 - type: integer 
	Parameter C_NUM_PERP_ARESETN bound to: 1 - type: integer 
INFO: [Synth 8-3491] module 'proc_sys_reset' declared at '/home/likhith/mask_detection/mask_detection.gen/sources_1/bd/tensil_pynqz2/ipshared/8842/hdl/proc_sys_reset_v5_0_vh_rfs.vhd:1264' bound to instance 'U0' of component 'proc_sys_reset' [/home/likhith/mask_detection/mask_detection.gen/sources_1/bd/tensil_pynqz2/ip/tensil_pynqz2_smartconnect_1_0/bd_0/ip/ip_1/synth/bd_a878_psr_aclk_0.vhd:129]
INFO: [Synth 8-638] synthesizing module 'proc_sys_reset' [/home/likhith/mask_detection/mask_detection.gen/sources_1/bd/tensil_pynqz2/ipshared/8842/hdl/proc_sys_reset_v5_0_vh_rfs.vhd:1323]
	Parameter INIT bound to: 1'b1 
INFO: [Synth 8-113] binding component instance 'FDRE_inst' to cell 'FDRE' [/home/likhith/mask_detection/mask_detection.gen/sources_1/bd/tensil_pynqz2/ipshared/8842/hdl/proc_sys_reset_v5_0_vh_rfs.vhd:1392]
	Parameter INIT bound to: 1'b1 
INFO: [Synth 8-113] binding component instance 'FDRE_BSR' to cell 'FDRE' [/home/likhith/mask_detection/mask_detection.gen/sources_1/bd/tensil_pynqz2/ipshared/8842/hdl/proc_sys_reset_v5_0_vh_rfs.vhd:1408]
	Parameter INIT bound to: 1'b0 
INFO: [Synth 8-113] binding component instance 'FDRE_BSR_N' to cell 'FDRE' [/home/likhith/mask_detection/mask_detection.gen/sources_1/bd/tensil_pynqz2/ipshared/8842/hdl/proc_sys_reset_v5_0_vh_rfs.vhd:1434]
	Parameter INIT bound to: 1'b1 
INFO: [Synth 8-113] binding component instance 'FDRE_PER' to cell 'FDRE' [/home/likhith/mask_detection/mask_detection.gen/sources_1/bd/tensil_pynqz2/ipshared/8842/hdl/proc_sys_reset_v5_0_vh_rfs.vhd:1457]
	Parameter INIT bound to: 1'b0 
INFO: [Synth 8-113] binding component instance 'FDRE_PER_N' to cell 'FDRE' [/home/likhith/mask_detection/mask_detection.gen/sources_1/bd/tensil_pynqz2/ipshared/8842/hdl/proc_sys_reset_v5_0_vh_rfs.vhd:1481]
INFO: [Synth 8-638] synthesizing module 'lpf' [/home/likhith/mask_detection/mask_detection.gen/sources_1/bd/tensil_pynqz2/ipshared/8842/hdl/proc_sys_reset_v5_0_vh_rfs.vhd:816]
INFO: [Synth 8-3491] module 'SRL16' declared at '/home/likhith/Vivado/2022.2/scripts/rt/data/unisim_comp.v:132132' bound to instance 'POR_SRL_I' of component 'SRL16' [/home/likhith/mask_detection/mask_detection.gen/sources_1/bd/tensil_pynqz2/ipshared/8842/hdl/proc_sys_reset_v5_0_vh_rfs.vhd:868]
INFO: [Synth 8-6157] synthesizing module 'SRL16' [/home/likhith/Vivado/2022.2/scripts/rt/data/unisim_comp.v:132132]
INFO: [Synth 8-6155] done synthesizing module 'SRL16' (0#1) [/home/likhith/Vivado/2022.2/scripts/rt/data/unisim_comp.v:132132]
INFO: [Synth 8-638] synthesizing module 'cdc_sync' [/home/likhith/mask_detection/mask_detection.gen/sources_1/bd/tensil_pynqz2/ipshared/ef1e/hdl/lib_cdc_v1_0_rfs.vhd:106]
	Parameter INIT bound to: 1'b0 
INFO: [Synth 8-113] binding component instance 'CROSS_PLEVEL_IN2SCNDRY_IN_cdc_to' to cell 'FDR' [/home/likhith/mask_detection/mask_detection.gen/sources_1/bd/tensil_pynqz2/ipshared/ef1e/hdl/lib_cdc_v1_0_rfs.vhd:514]
	Parameter INIT bound to: 1'b0 
INFO: [Synth 8-113] binding component instance 'CROSS_PLEVEL_IN2SCNDRY_s_level_out_d2' to cell 'FDR' [/home/likhith/mask_detection/mask_detection.gen/sources_1/bd/tensil_pynqz2/ipshared/ef1e/hdl/lib_cdc_v1_0_rfs.vhd:545]
	Parameter INIT bound to: 1'b0 
INFO: [Synth 8-113] binding component instance 'CROSS_PLEVEL_IN2SCNDRY_s_level_out_d3' to cell 'FDR' [/home/likhith/mask_detection/mask_detection.gen/sources_1/bd/tensil_pynqz2/ipshared/ef1e/hdl/lib_cdc_v1_0_rfs.vhd:554]
	Parameter INIT bound to: 1'b0 
INFO: [Synth 8-113] binding component instance 'CROSS_PLEVEL_IN2SCNDRY_s_level_out_d4' to cell 'FDR' [/home/likhith/mask_detection/mask_detection.gen/sources_1/bd/tensil_pynqz2/ipshared/ef1e/hdl/lib_cdc_v1_0_rfs.vhd:564]
	Parameter INIT bound to: 1'b0 
INFO: [Synth 8-113] binding component instance 'CROSS_PLEVEL_IN2SCNDRY_s_level_out_d5' to cell 'FDR' [/home/likhith/mask_detection/mask_detection.gen/sources_1/bd/tensil_pynqz2/ipshared/ef1e/hdl/lib_cdc_v1_0_rfs.vhd:574]
	Parameter INIT bound to: 1'b0 
INFO: [Synth 8-113] binding component instance 'CROSS_PLEVEL_IN2SCNDRY_s_level_out_d6' to cell 'FDR' [/home/likhith/mask_detection/mask_detection.gen/sources_1/bd/tensil_pynqz2/ipshared/ef1e/hdl/lib_cdc_v1_0_rfs.vhd:584]
INFO: [Synth 8-256] done synthesizing module 'cdc_sync' (0#1) [/home/likhith/mask_detection/mask_detection.gen/sources_1/bd/tensil_pynqz2/ipshared/ef1e/hdl/lib_cdc_v1_0_rfs.vhd:106]
INFO: [Synth 8-256] done synthesizing module 'lpf' (0#1) [/home/likhith/mask_detection/mask_detection.gen/sources_1/bd/tensil_pynqz2/ipshared/8842/hdl/proc_sys_reset_v5_0_vh_rfs.vhd:816]
INFO: [Synth 8-638] synthesizing module 'sequence_psr' [/home/likhith/mask_detection/mask_detection.gen/sources_1/bd/tensil_pynqz2/ipshared/8842/hdl/proc_sys_reset_v5_0_vh_rfs.vhd:301]
INFO: [Synth 8-638] synthesizing module 'upcnt_n' [/home/likhith/mask_detection/mask_detection.gen/sources_1/bd/tensil_pynqz2/ipshared/8842/hdl/proc_sys_reset_v5_0_vh_rfs.vhd:125]
INFO: [Synth 8-256] done synthesizing module 'upcnt_n' (0#1) [/home/likhith/mask_detection/mask_detection.gen/sources_1/bd/tensil_pynqz2/ipshared/8842/hdl/proc_sys_reset_v5_0_vh_rfs.vhd:125]
INFO: [Synth 8-256] done synthesizing module 'sequence_psr' (0#1) [/home/likhith/mask_detection/mask_detection.gen/sources_1/bd/tensil_pynqz2/ipshared/8842/hdl/proc_sys_reset_v5_0_vh_rfs.vhd:301]
INFO: [Synth 8-256] done synthesizing module 'proc_sys_reset' (0#1) [/home/likhith/mask_detection/mask_detection.gen/sources_1/bd/tensil_pynqz2/ipshared/8842/hdl/proc_sys_reset_v5_0_vh_rfs.vhd:1323]
INFO: [Synth 8-256] done synthesizing module 'bd_a878_psr_aclk_0' (0#1) [/home/likhith/mask_detection/mask_detection.gen/sources_1/bd/tensil_pynqz2/ip/tensil_pynqz2_smartconnect_1_0/bd_0/ip/ip_1/synth/bd_a878_psr_aclk_0.vhd:74]
WARNING: [Synth 8-7071] port 'mb_reset' of module 'bd_a878_psr_aclk_0' is unconnected for instance 'psr_aclk' [/home/likhith/mask_detection/mask_detection.gen/sources_1/bd/tensil_pynqz2/ip/tensil_pynqz2_smartconnect_1_0/bd_0/synth/bd_a878.v:818]
WARNING: [Synth 8-7071] port 'bus_struct_reset' of module 'bd_a878_psr_aclk_0' is unconnected for instance 'psr_aclk' [/home/likhith/mask_detection/mask_detection.gen/sources_1/bd/tensil_pynqz2/ip/tensil_pynqz2_smartconnect_1_0/bd_0/synth/bd_a878.v:818]
WARNING: [Synth 8-7071] port 'peripheral_reset' of module 'bd_a878_psr_aclk_0' is unconnected for instance 'psr_aclk' [/home/likhith/mask_detection/mask_detection.gen/sources_1/bd/tensil_pynqz2/ip/tensil_pynqz2_smartconnect_1_0/bd_0/synth/bd_a878.v:818]
WARNING: [Synth 8-7071] port 'peripheral_aresetn' of module 'bd_a878_psr_aclk_0' is unconnected for instance 'psr_aclk' [/home/likhith/mask_detection/mask_detection.gen/sources_1/bd/tensil_pynqz2/ip/tensil_pynqz2_smartconnect_1_0/bd_0/synth/bd_a878.v:818]
WARNING: [Synth 8-7023] instance 'psr_aclk' of module 'bd_a878_psr_aclk_0' has 10 connections declared, but only 6 given [/home/likhith/mask_detection/mask_detection.gen/sources_1/bd/tensil_pynqz2/ip/tensil_pynqz2_smartconnect_1_0/bd_0/synth/bd_a878.v:818]
INFO: [Synth 8-6155] done synthesizing module 'clk_map_imp_G6MO4E' (0#1) [/home/likhith/mask_detection/mask_detection.gen/sources_1/bd/tensil_pynqz2/ip/tensil_pynqz2_smartconnect_1_0/bd_0/synth/bd_a878.v:783]
INFO: [Synth 8-6157] synthesizing module 'm00_exit_pipeline_imp_1I3LT8L' [/home/likhith/mask_detection/mask_detection.gen/sources_1/bd/tensil_pynqz2/ip/tensil_pynqz2_smartconnect_1_0/bd_0/synth/bd_a878.v:827]
INFO: [Synth 8-6157] synthesizing module 'bd_a878_m00e_0' [/home/likhith/mask_detection/mask_detection.gen/sources_1/bd/tensil_pynqz2/ip/tensil_pynqz2_smartconnect_1_0/bd_0/ip/ip_12/synth/bd_a878_m00e_0.sv:53]
INFO: [Synth 8-6157] synthesizing module 'xpm_cdc_async_rst' [/home/likhith/Vivado/2022.2/data/ip/xpm/xpm_cdc/hdl/xpm_cdc.sv:1174]
INFO: [Synth 8-6155] done synthesizing module 'xpm_cdc_async_rst' (0#1) [/home/likhith/Vivado/2022.2/data/ip/xpm/xpm_cdc/hdl/xpm_cdc.sv:1174]
INFO: [Synth 8-6155] done synthesizing module 'bd_a878_m00e_0' (0#1) [/home/likhith/mask_detection/mask_detection.gen/sources_1/bd/tensil_pynqz2/ip/tensil_pynqz2_smartconnect_1_0/bd_0/ip/ip_12/synth/bd_a878_m00e_0.sv:53]
INFO: [Synth 8-6155] done synthesizing module 'm00_exit_pipeline_imp_1I3LT8L' (0#1) [/home/likhith/mask_detection/mask_detection.gen/sources_1/bd/tensil_pynqz2/ip/tensil_pynqz2_smartconnect_1_0/bd_0/synth/bd_a878.v:827]
INFO: [Synth 8-6157] synthesizing module 'bd_a878_m00s2a_0' [/home/likhith/mask_detection/mask_detection.gen/sources_1/bd/tensil_pynqz2/ip/tensil_pynqz2_smartconnect_1_0/bd_0/ip/ip_11/synth/bd_a878_m00s2a_0.sv:53]
INFO: [Synth 8-6155] done synthesizing module 'bd_a878_m00s2a_0' (0#1) [/home/likhith/mask_detection/mask_detection.gen/sources_1/bd/tensil_pynqz2/ip/tensil_pynqz2_smartconnect_1_0/bd_0/ip/ip_11/synth/bd_a878_m00s2a_0.sv:53]
INFO: [Synth 8-6157] synthesizing module 'bd_a878_s00a2s_0' [/home/likhith/mask_detection/mask_detection.gen/sources_1/bd/tensil_pynqz2/ip/tensil_pynqz2_smartconnect_1_0/bd_0/ip/ip_5/synth/bd_a878_s00a2s_0.sv:53]
INFO: [Synth 8-6155] done synthesizing module 'bd_a878_s00a2s_0' (0#1) [/home/likhith/mask_detection/mask_detection.gen/sources_1/bd/tensil_pynqz2/ip/tensil_pynqz2_smartconnect_1_0/bd_0/ip/ip_5/synth/bd_a878_s00a2s_0.sv:53]
INFO: [Synth 8-6157] synthesizing module 's00_entry_pipeline_imp_I9HTTY' [/home/likhith/mask_detection/mask_detection.gen/sources_1/bd/tensil_pynqz2/ip/tensil_pynqz2_smartconnect_1_0/bd_0/synth/bd_a878.v:1198]
INFO: [Synth 8-6157] synthesizing module 'bd_a878_s00mmu_0' [/home/likhith/mask_detection/mask_detection.gen/sources_1/bd/tensil_pynqz2/ip/tensil_pynqz2_smartconnect_1_0/bd_0/ip/ip_2/synth/bd_a878_s00mmu_0.sv:53]
INFO: [Synth 8-6155] done synthesizing module 'bd_a878_s00mmu_0' (0#1) [/home/likhith/mask_detection/mask_detection.gen/sources_1/bd/tensil_pynqz2/ip/tensil_pynqz2_smartconnect_1_0/bd_0/ip/ip_2/synth/bd_a878_s00mmu_0.sv:53]
INFO: [Synth 8-6157] synthesizing module 'bd_a878_s00sic_0' [/home/likhith/mask_detection/mask_detection.gen/sources_1/bd/tensil_pynqz2/ip/tensil_pynqz2_smartconnect_1_0/bd_0/ip/ip_4/synth/bd_a878_s00sic_0.sv:53]
INFO: [Synth 8-6155] done synthesizing module 'bd_a878_s00sic_0' (0#1) [/home/likhith/mask_detection/mask_detection.gen/sources_1/bd/tensil_pynqz2/ip/tensil_pynqz2_smartconnect_1_0/bd_0/ip/ip_4/synth/bd_a878_s00sic_0.sv:53]
INFO: [Synth 8-6157] synthesizing module 'bd_a878_s00tr_0' [/home/likhith/mask_detection/mask_detection.gen/sources_1/bd/tensil_pynqz2/ip/tensil_pynqz2_smartconnect_1_0/bd_0/ip/ip_3/synth/bd_a878_s00tr_0.sv:53]
INFO: [Synth 8-6155] done synthesizing module 'bd_a878_s00tr_0' (0#1) [/home/likhith/mask_detection/mask_detection.gen/sources_1/bd/tensil_pynqz2/ip/tensil_pynqz2_smartconnect_1_0/bd_0/ip/ip_3/synth/bd_a878_s00tr_0.sv:53]
INFO: [Synth 8-6155] done synthesizing module 's00_entry_pipeline_imp_I9HTTY' (0#1) [/home/likhith/mask_detection/mask_detection.gen/sources_1/bd/tensil_pynqz2/ip/tensil_pynqz2_smartconnect_1_0/bd_0/synth/bd_a878.v:1198]
INFO: [Synth 8-6157] synthesizing module 's00_nodes_imp_NF95JW' [/home/likhith/mask_detection/mask_detection.gen/sources_1/bd/tensil_pynqz2/ip/tensil_pynqz2_smartconnect_1_0/bd_0/synth/bd_a878.v:1847]
INFO: [Synth 8-6157] synthesizing module 'bd_a878_sarn_0' [/home/likhith/mask_detection/mask_detection.gen/sources_1/bd/tensil_pynqz2/ip/tensil_pynqz2_smartconnect_1_0/bd_0/ip/ip_6/synth/bd_a878_sarn_0.sv:53]
INFO: [Synth 8-6157] synthesizing module 'xpm_memory_sdpram' [/home/likhith/Vivado/2022.2/data/ip/xpm/xpm_memory/hdl/xpm_memory.sv:8476]
INFO: [Synth 8-6157] synthesizing module 'xpm_memory_base' [/home/likhith/Vivado/2022.2/data/ip/xpm/xpm_memory/hdl/xpm_memory.sv:56]
INFO: [Synth 8-6155] done synthesizing module 'xpm_memory_base' (0#1) [/home/likhith/Vivado/2022.2/data/ip/xpm/xpm_memory/hdl/xpm_memory.sv:56]
INFO: [Synth 8-6155] done synthesizing module 'xpm_memory_sdpram' (0#1) [/home/likhith/Vivado/2022.2/data/ip/xpm/xpm_memory/hdl/xpm_memory.sv:8476]
INFO: [Synth 8-6155] done synthesizing module 'bd_a878_sarn_0' (0#1) [/home/likhith/mask_detection/mask_detection.gen/sources_1/bd/tensil_pynqz2/ip/tensil_pynqz2_smartconnect_1_0/bd_0/ip/ip_6/synth/bd_a878_sarn_0.sv:53]
INFO: [Synth 8-6157] synthesizing module 'bd_a878_sawn_0' [/home/likhith/mask_detection/mask_detection.gen/sources_1/bd/tensil_pynqz2/ip/tensil_pynqz2_smartconnect_1_0/bd_0/ip/ip_8/synth/bd_a878_sawn_0.sv:53]
INFO: [Synth 8-6155] done synthesizing module 'bd_a878_sawn_0' (0#1) [/home/likhith/mask_detection/mask_detection.gen/sources_1/bd/tensil_pynqz2/ip/tensil_pynqz2_smartconnect_1_0/bd_0/ip/ip_8/synth/bd_a878_sawn_0.sv:53]
INFO: [Synth 8-6157] synthesizing module 'bd_a878_sbn_0' [/home/likhith/mask_detection/mask_detection.gen/sources_1/bd/tensil_pynqz2/ip/tensil_pynqz2_smartconnect_1_0/bd_0/ip/ip_10/synth/bd_a878_sbn_0.sv:53]
INFO: [Synth 8-6157] synthesizing module 'xpm_memory_sdpram__parameterized0' [/home/likhith/Vivado/2022.2/data/ip/xpm/xpm_memory/hdl/xpm_memory.sv:8476]
INFO: [Synth 8-6157] synthesizing module 'xpm_memory_base__parameterized0' [/home/likhith/Vivado/2022.2/data/ip/xpm/xpm_memory/hdl/xpm_memory.sv:56]
INFO: [Synth 8-6155] done synthesizing module 'xpm_memory_base__parameterized0' (0#1) [/home/likhith/Vivado/2022.2/data/ip/xpm/xpm_memory/hdl/xpm_memory.sv:56]
INFO: [Synth 8-6155] done synthesizing module 'xpm_memory_sdpram__parameterized0' (0#1) [/home/likhith/Vivado/2022.2/data/ip/xpm/xpm_memory/hdl/xpm_memory.sv:8476]
INFO: [Synth 8-6155] done synthesizing module 'bd_a878_sbn_0' (0#1) [/home/likhith/mask_detection/mask_detection.gen/sources_1/bd/tensil_pynqz2/ip/tensil_pynqz2_smartconnect_1_0/bd_0/ip/ip_10/synth/bd_a878_sbn_0.sv:53]
INFO: [Synth 8-6157] synthesizing module 'bd_a878_srn_0' [/home/likhith/mask_detection/mask_detection.gen/sources_1/bd/tensil_pynqz2/ip/tensil_pynqz2_smartconnect_1_0/bd_0/ip/ip_7/synth/bd_a878_srn_0.sv:53]
INFO: [Synth 8-6157] synthesizing module 'xpm_memory_sdpram__parameterized1' [/home/likhith/Vivado/2022.2/data/ip/xpm/xpm_memory/hdl/xpm_memory.sv:8476]
INFO: [Synth 8-6157] synthesizing module 'xpm_memory_base__parameterized1' [/home/likhith/Vivado/2022.2/data/ip/xpm/xpm_memory/hdl/xpm_memory.sv:56]
INFO: [Synth 8-6155] done synthesizing module 'xpm_memory_base__parameterized1' (0#1) [/home/likhith/Vivado/2022.2/data/ip/xpm/xpm_memory/hdl/xpm_memory.sv:56]
INFO: [Synth 8-6155] done synthesizing module 'xpm_memory_sdpram__parameterized1' (0#1) [/home/likhith/Vivado/2022.2/data/ip/xpm/xpm_memory/hdl/xpm_memory.sv:8476]
INFO: [Synth 8-6155] done synthesizing module 'bd_a878_srn_0' (0#1) [/home/likhith/mask_detection/mask_detection.gen/sources_1/bd/tensil_pynqz2/ip/tensil_pynqz2_smartconnect_1_0/bd_0/ip/ip_7/synth/bd_a878_srn_0.sv:53]
INFO: [Synth 8-6157] synthesizing module 'bd_a878_swn_0' [/home/likhith/mask_detection/mask_detection.gen/sources_1/bd/tensil_pynqz2/ip/tensil_pynqz2_smartconnect_1_0/bd_0/ip/ip_9/synth/bd_a878_swn_0.sv:53]
INFO: [Synth 8-6157] synthesizing module 'xpm_memory_sdpram__parameterized2' [/home/likhith/Vivado/2022.2/data/ip/xpm/xpm_memory/hdl/xpm_memory.sv:8476]
INFO: [Synth 8-6157] synthesizing module 'xpm_memory_base__parameterized2' [/home/likhith/Vivado/2022.2/data/ip/xpm/xpm_memory/hdl/xpm_memory.sv:56]
INFO: [Synth 8-6155] done synthesizing module 'xpm_memory_base__parameterized2' (0#1) [/home/likhith/Vivado/2022.2/data/ip/xpm/xpm_memory/hdl/xpm_memory.sv:56]
INFO: [Synth 8-6155] done synthesizing module 'xpm_memory_sdpram__parameterized2' (0#1) [/home/likhith/Vivado/2022.2/data/ip/xpm/xpm_memory/hdl/xpm_memory.sv:8476]
INFO: [Synth 8-6155] done synthesizing module 'bd_a878_swn_0' (0#1) [/home/likhith/mask_detection/mask_detection.gen/sources_1/bd/tensil_pynqz2/ip/tensil_pynqz2_smartconnect_1_0/bd_0/ip/ip_9/synth/bd_a878_swn_0.sv:53]
INFO: [Synth 8-6155] done synthesizing module 's00_nodes_imp_NF95JW' (0#1) [/home/likhith/mask_detection/mask_detection.gen/sources_1/bd/tensil_pynqz2/ip/tensil_pynqz2_smartconnect_1_0/bd_0/synth/bd_a878.v:1847]
INFO: [Synth 8-6155] done synthesizing module 'bd_a878' (0#1) [/home/likhith/mask_detection/mask_detection.gen/sources_1/bd/tensil_pynqz2/ip/tensil_pynqz2_smartconnect_1_0/bd_0/synth/bd_a878.v:9]
INFO: [Synth 8-6155] done synthesizing module 'tensil_pynqz2_smartconnect_1_0' (0#1) [/home/likhith/mask_detection/mask_detection.gen/sources_1/bd/tensil_pynqz2/ip/tensil_pynqz2_smartconnect_1_0/synth/tensil_pynqz2_smartconnect_1_0.v:53]
WARNING: [Synth 8-3848] Net aresetn_out in module/entity clk_map_imp_G6MO4E does not have driver. [/home/likhith/mask_detection/mask_detection.gen/sources_1/bd/tensil_pynqz2/ip/tensil_pynqz2_smartconnect_1_0/bd_0/synth/bd_a878.v:799]
WARNING: [Synth 8-7129] Port din[0] in module sc_util_v1_0_4_onehot_to_binary is either unconnected or has no load
WARNING: [Synth 8-7129] Port aclk in module sc_util_v1_0_4_pipeline__parameterized0 is either unconnected or has no load
WARNING: [Synth 8-7129] Port aclken in module sc_util_v1_0_4_pipeline__parameterized0 is either unconnected or has no load
WARNING: [Synth 8-7129] Port areset in module sc_util_v1_0_4_pipeline__parameterized0 is either unconnected or has no load
WARNING: [Synth 8-7129] Port sleep in module xpm_memory_base__parameterized2 is either unconnected or has no load
WARNING: [Synth 8-7129] Port rsta in module xpm_memory_base__parameterized2 is either unconnected or has no load
WARNING: [Synth 8-7129] Port regcea in module xpm_memory_base__parameterized2 is either unconnected or has no load
WARNING: [Synth 8-7129] Port injectsbiterra in module xpm_memory_base__parameterized2 is either unconnected or has no load
WARNING: [Synth 8-7129] Port injectdbiterra in module xpm_memory_base__parameterized2 is either unconnected or has no load
WARNING: [Synth 8-7129] Port clkb in module xpm_memory_base__parameterized2 is either unconnected or has no load
WARNING: [Synth 8-7129] Port regceb in module xpm_memory_base__parameterized2 is either unconnected or has no load
WARNING: [Synth 8-7129] Port web[0] in module xpm_memory_base__parameterized2 is either unconnected or has no load
WARNING: [Synth 8-7129] Port dinb[105] in module xpm_memory_base__parameterized2 is either unconnected or has no load
WARNING: [Synth 8-7129] Port dinb[104] in module xpm_memory_base__parameterized2 is either unconnected or has no load
WARNING: [Synth 8-7129] Port dinb[103] in module xpm_memory_base__parameterized2 is either unconnected or has no load
WARNING: [Synth 8-7129] Port dinb[102] in module xpm_memory_base__parameterized2 is either unconnected or has no load
WARNING: [Synth 8-7129] Port dinb[101] in module xpm_memory_base__parameterized2 is either unconnected or has no load
WARNING: [Synth 8-7129] Port dinb[100] in module xpm_memory_base__parameterized2 is either unconnected or has no load
WARNING: [Synth 8-7129] Port dinb[99] in module xpm_memory_base__parameterized2 is either unconnected or has no load
WARNING: [Synth 8-7129] Port dinb[98] in module xpm_memory_base__parameterized2 is either unconnected or has no load
WARNING: [Synth 8-7129] Port dinb[97] in module xpm_memory_base__parameterized2 is either unconnected or has no load
WARNING: [Synth 8-7129] Port dinb[96] in module xpm_memory_base__parameterized2 is either unconnected or has no load
WARNING: [Synth 8-7129] Port dinb[95] in module xpm_memory_base__parameterized2 is either unconnected or has no load
WARNING: [Synth 8-7129] Port dinb[94] in module xpm_memory_base__parameterized2 is either unconnected or has no load
WARNING: [Synth 8-7129] Port dinb[93] in module xpm_memory_base__parameterized2 is either unconnected or has no load
WARNING: [Synth 8-7129] Port dinb[92] in module xpm_memory_base__parameterized2 is either unconnected or has no load
WARNING: [Synth 8-7129] Port dinb[91] in module xpm_memory_base__parameterized2 is either unconnected or has no load
WARNING: [Synth 8-7129] Port dinb[90] in module xpm_memory_base__parameterized2 is either unconnected or has no load
WARNING: [Synth 8-7129] Port dinb[89] in module xpm_memory_base__parameterized2 is either unconnected or has no load
WARNING: [Synth 8-7129] Port dinb[88] in module xpm_memory_base__parameterized2 is either unconnected or has no load
WARNING: [Synth 8-7129] Port dinb[87] in module xpm_memory_base__parameterized2 is either unconnected or has no load
WARNING: [Synth 8-7129] Port dinb[86] in module xpm_memory_base__parameterized2 is either unconnected or has no load
WARNING: [Synth 8-7129] Port dinb[85] in module xpm_memory_base__parameterized2 is either unconnected or has no load
WARNING: [Synth 8-7129] Port dinb[84] in module xpm_memory_base__parameterized2 is either unconnected or has no load
WARNING: [Synth 8-7129] Port dinb[83] in module xpm_memory_base__parameterized2 is either unconnected or has no load
WARNING: [Synth 8-7129] Port dinb[82] in module xpm_memory_base__parameterized2 is either unconnected or has no load
WARNING: [Synth 8-7129] Port dinb[81] in module xpm_memory_base__parameterized2 is either unconnected or has no load
WARNING: [Synth 8-7129] Port dinb[80] in module xpm_memory_base__parameterized2 is either unconnected or has no load
WARNING: [Synth 8-7129] Port dinb[79] in module xpm_memory_base__parameterized2 is either unconnected or has no load
WARNING: [Synth 8-7129] Port dinb[78] in module xpm_memory_base__parameterized2 is either unconnected or has no load
WARNING: [Synth 8-7129] Port dinb[77] in module xpm_memory_base__parameterized2 is either unconnected or has no load
WARNING: [Synth 8-7129] Port dinb[76] in module xpm_memory_base__parameterized2 is either unconnected or has no load
WARNING: [Synth 8-7129] Port dinb[75] in module xpm_memory_base__parameterized2 is either unconnected or has no load
WARNING: [Synth 8-7129] Port dinb[74] in module xpm_memory_base__parameterized2 is either unconnected or has no load
WARNING: [Synth 8-7129] Port dinb[73] in module xpm_memory_base__parameterized2 is either unconnected or has no load
WARNING: [Synth 8-7129] Port dinb[72] in module xpm_memory_base__parameterized2 is either unconnected or has no load
WARNING: [Synth 8-7129] Port dinb[71] in module xpm_memory_base__parameterized2 is either unconnected or has no load
WARNING: [Synth 8-7129] Port dinb[70] in module xpm_memory_base__parameterized2 is either unconnected or has no load
WARNING: [Synth 8-7129] Port dinb[69] in module xpm_memory_base__parameterized2 is either unconnected or has no load
WARNING: [Synth 8-7129] Port dinb[68] in module xpm_memory_base__parameterized2 is either unconnected or has no load
WARNING: [Synth 8-7129] Port dinb[67] in module xpm_memory_base__parameterized2 is either unconnected or has no load
WARNING: [Synth 8-7129] Port dinb[66] in module xpm_memory_base__parameterized2 is either unconnected or has no load
WARNING: [Synth 8-7129] Port dinb[65] in module xpm_memory_base__parameterized2 is either unconnected or has no load
WARNING: [Synth 8-7129] Port dinb[64] in module xpm_memory_base__parameterized2 is either unconnected or has no load
WARNING: [Synth 8-7129] Port dinb[63] in module xpm_memory_base__parameterized2 is either unconnected or has no load
WARNING: [Synth 8-7129] Port dinb[62] in module xpm_memory_base__parameterized2 is either unconnected or has no load
WARNING: [Synth 8-7129] Port dinb[61] in module xpm_memory_base__parameterized2 is either unconnected or has no load
WARNING: [Synth 8-7129] Port dinb[60] in module xpm_memory_base__parameterized2 is either unconnected or has no load
WARNING: [Synth 8-7129] Port dinb[59] in module xpm_memory_base__parameterized2 is either unconnected or has no load
WARNING: [Synth 8-7129] Port dinb[58] in module xpm_memory_base__parameterized2 is either unconnected or has no load
WARNING: [Synth 8-7129] Port dinb[57] in module xpm_memory_base__parameterized2 is either unconnected or has no load
WARNING: [Synth 8-7129] Port dinb[56] in module xpm_memory_base__parameterized2 is either unconnected or has no load
WARNING: [Synth 8-7129] Port dinb[55] in module xpm_memory_base__parameterized2 is either unconnected or has no load
WARNING: [Synth 8-7129] Port dinb[54] in module xpm_memory_base__parameterized2 is either unconnected or has no load
WARNING: [Synth 8-7129] Port dinb[53] in module xpm_memory_base__parameterized2 is either unconnected or has no load
WARNING: [Synth 8-7129] Port dinb[52] in module xpm_memory_base__parameterized2 is either unconnected or has no load
WARNING: [Synth 8-7129] Port dinb[51] in module xpm_memory_base__parameterized2 is either unconnected or has no load
WARNING: [Synth 8-7129] Port dinb[50] in module xpm_memory_base__parameterized2 is either unconnected or has no load
WARNING: [Synth 8-7129] Port dinb[49] in module xpm_memory_base__parameterized2 is either unconnected or has no load
WARNING: [Synth 8-7129] Port dinb[48] in module xpm_memory_base__parameterized2 is either unconnected or has no load
WARNING: [Synth 8-7129] Port dinb[47] in module xpm_memory_base__parameterized2 is either unconnected or has no load
WARNING: [Synth 8-7129] Port dinb[46] in module xpm_memory_base__parameterized2 is either unconnected or has no load
WARNING: [Synth 8-7129] Port dinb[45] in module xpm_memory_base__parameterized2 is either unconnected or has no load
WARNING: [Synth 8-7129] Port dinb[44] in module xpm_memory_base__parameterized2 is either unconnected or has no load
WARNING: [Synth 8-7129] Port dinb[43] in module xpm_memory_base__parameterized2 is either unconnected or has no load
WARNING: [Synth 8-7129] Port dinb[42] in module xpm_memory_base__parameterized2 is either unconnected or has no load
WARNING: [Synth 8-7129] Port dinb[41] in module xpm_memory_base__parameterized2 is either unconnected or has no load
WARNING: [Synth 8-7129] Port dinb[40] in module xpm_memory_base__parameterized2 is either unconnected or has no load
WARNING: [Synth 8-7129] Port dinb[39] in module xpm_memory_base__parameterized2 is either unconnected or has no load
WARNING: [Synth 8-7129] Port dinb[38] in module xpm_memory_base__parameterized2 is either unconnected or has no load
WARNING: [Synth 8-7129] Port dinb[37] in module xpm_memory_base__parameterized2 is either unconnected or has no load
WARNING: [Synth 8-7129] Port dinb[36] in module xpm_memory_base__parameterized2 is either unconnected or has no load
WARNING: [Synth 8-7129] Port dinb[35] in module xpm_memory_base__parameterized2 is either unconnected or has no load
WARNING: [Synth 8-7129] Port dinb[34] in module xpm_memory_base__parameterized2 is either unconnected or has no load
WARNING: [Synth 8-7129] Port dinb[33] in module xpm_memory_base__parameterized2 is either unconnected or has no load
WARNING: [Synth 8-7129] Port dinb[32] in module xpm_memory_base__parameterized2 is either unconnected or has no load
WARNING: [Synth 8-7129] Port dinb[31] in module xpm_memory_base__parameterized2 is either unconnected or has no load
WARNING: [Synth 8-7129] Port dinb[30] in module xpm_memory_base__parameterized2 is either unconnected or has no load
WARNING: [Synth 8-7129] Port dinb[29] in module xpm_memory_base__parameterized2 is either unconnected or has no load
WARNING: [Synth 8-7129] Port dinb[28] in module xpm_memory_base__parameterized2 is either unconnected or has no load
WARNING: [Synth 8-7129] Port dinb[27] in module xpm_memory_base__parameterized2 is either unconnected or has no load
WARNING: [Synth 8-7129] Port dinb[26] in module xpm_memory_base__parameterized2 is either unconnected or has no load
WARNING: [Synth 8-7129] Port dinb[25] in module xpm_memory_base__parameterized2 is either unconnected or has no load
WARNING: [Synth 8-7129] Port dinb[24] in module xpm_memory_base__parameterized2 is either unconnected or has no load
WARNING: [Synth 8-7129] Port dinb[23] in module xpm_memory_base__parameterized2 is either unconnected or has no load
WARNING: [Synth 8-7129] Port dinb[22] in module xpm_memory_base__parameterized2 is either unconnected or has no load
WARNING: [Synth 8-7129] Port dinb[21] in module xpm_memory_base__parameterized2 is either unconnected or has no load
WARNING: [Synth 8-7129] Port dinb[20] in module xpm_memory_base__parameterized2 is either unconnected or has no load
WARNING: [Synth 8-7129] Port dinb[19] in module xpm_memory_base__parameterized2 is either unconnected or has no load
WARNING: [Synth 8-7129] Port dinb[18] in module xpm_memory_base__parameterized2 is either unconnected or has no load
INFO: [Common 17-14] Message 'Synth 8-7129' appears 100 times and further instances of the messages will be disabled. Use the Tcl command set_msg_config to change the current settings.
---------------------------------------------------------------------------------
Finished RTL Elaboration : Time (s): cpu = 00:00:12 ; elapsed = 00:00:12 . Memory (MB): peak = 2189.289 ; gain = 558.551 ; free physical = 574 ; free virtual = 4477
Synthesis current peak Physical Memory [PSS] (MB): peak = 1516.292; parent = 1347.143; children = 169.149
Synthesis current peak Virtual Memory [VSS] (MB): peak = 3187.836; parent = 2189.293; children = 998.543
---------------------------------------------------------------------------------
---------------------------------------------------------------------------------
Start Handling Custom Attributes
---------------------------------------------------------------------------------
---------------------------------------------------------------------------------
Finished Handling Custom Attributes : Time (s): cpu = 00:00:12 ; elapsed = 00:00:12 . Memory (MB): peak = 2207.102 ; gain = 576.363 ; free physical = 563 ; free virtual = 4470
Synthesis current peak Physical Memory [PSS] (MB): peak = 1516.292; parent = 1347.143; children = 169.149
Synthesis current peak Virtual Memory [VSS] (MB): peak = 3205.648; parent = 2207.105; children = 998.543
---------------------------------------------------------------------------------
---------------------------------------------------------------------------------
Finished RTL Optimization Phase 1 : Time (s): cpu = 00:00:12 ; elapsed = 00:00:12 . Memory (MB): peak = 2207.102 ; gain = 576.363 ; free physical = 570 ; free virtual = 4477
Synthesis current peak Physical Memory [PSS] (MB): peak = 1516.292; parent = 1347.143; children = 169.149
Synthesis current peak Virtual Memory [VSS] (MB): peak = 3205.648; parent = 2207.105; children = 998.543
---------------------------------------------------------------------------------
Netlist sorting complete. Time (s): cpu = 00:00:00.83 ; elapsed = 00:00:00.82 . Memory (MB): peak = 2213.039 ; gain = 0.000 ; free physical = 445 ; free virtual = 4327
INFO: [Netlist 29-17] Analyzing 13 Unisim elements for replacement
INFO: [Netlist 29-28] Unisim Transformation completed in 0 CPU seconds
INFO: [Project 1-570] Preparing netlist for logic optimization

Processing XDC Constraints
Initializing timing engine
Parsing XDC File [/home/likhith/mask_detection/mask_detection.gen/sources_1/bd/tensil_pynqz2/ip/tensil_pynqz2_smartconnect_1_0/ooc.xdc] for cell 'inst'
Finished Parsing XDC File [/home/likhith/mask_detection/mask_detection.gen/sources_1/bd/tensil_pynqz2/ip/tensil_pynqz2_smartconnect_1_0/ooc.xdc] for cell 'inst'
Parsing XDC File [/home/likhith/mask_detection/mask_detection.gen/sources_1/bd/tensil_pynqz2/ip/tensil_pynqz2_smartconnect_1_0/bd_0/ip/ip_1/bd_a878_psr_aclk_0_board.xdc] for cell 'inst/clk_map/psr_aclk/U0'
Finished Parsing XDC File [/home/likhith/mask_detection/mask_detection.gen/sources_1/bd/tensil_pynqz2/ip/tensil_pynqz2_smartconnect_1_0/bd_0/ip/ip_1/bd_a878_psr_aclk_0_board.xdc] for cell 'inst/clk_map/psr_aclk/U0'
Parsing XDC File [/home/likhith/mask_detection/mask_detection.gen/sources_1/bd/tensil_pynqz2/ip/tensil_pynqz2_smartconnect_1_0/bd_0/ip/ip_1/bd_a878_psr_aclk_0.xdc] for cell 'inst/clk_map/psr_aclk/U0'
Finished Parsing XDC File [/home/likhith/mask_detection/mask_detection.gen/sources_1/bd/tensil_pynqz2/ip/tensil_pynqz2_smartconnect_1_0/bd_0/ip/ip_1/bd_a878_psr_aclk_0.xdc] for cell 'inst/clk_map/psr_aclk/U0'
Parsing XDC File [/home/likhith/mask_detection/mask_detection.runs/tensil_pynqz2_smartconnect_1_0_synth_1/dont_touch.xdc]
Finished Parsing XDC File [/home/likhith/mask_detection/mask_detection.runs/tensil_pynqz2_smartconnect_1_0_synth_1/dont_touch.xdc]
INFO: [Project 1-236] Implementation specific constraints were found while reading constraint file [/home/likhith/Vivado/2022.2/data/ip/xpm/xpm_memory/tcl/xpm_memory_xdc.tcl]. These constraints will be ignored for synthesis but will be used in implementation. Impacted constraints are listed in the file [.Xil/tensil_pynqz2_smartconnect_1_0_propImpl.xdc].
Resolution: To avoid this warning, move constraints listed in [.Xil/tensil_pynqz2_smartconnect_1_0_propImpl.xdc] to another XDC file and exclude this new file from synthesis with the used_in_synthesis property (File Properties dialog in GUI) and re-run elaboration/synthesis.
INFO: [Project 1-1714] 19 XPM XDC files have been applied to the design.
Completed Processing XDC Constraints

Netlist sorting complete. Time (s): cpu = 00:00:00.01 ; elapsed = 00:00:00 . Memory (MB): peak = 2491.570 ; gain = 0.000 ; free physical = 1174 ; free virtual = 5070
INFO: [Project 1-111] Unisim Transformation Summary:
  A total of 13 instances were transformed.
  FDR => FDRE: 12 instances
  SRL16 => SRL16E: 1 instance 

Constraint Validation Runtime : Time (s): cpu = 00:00:00.73 ; elapsed = 00:00:00.33 . Memory (MB): peak = 2509.414 ; gain = 17.844 ; free physical = 1145 ; free virtual = 5043
INFO: [Designutils 20-5008] Incremental synthesis strategy off
INFO: [Synth 8-11241] undeclared symbol 'REGCCE', assumed default net type 'wire' [/home/likhith/Vivado/2022.2/data/verilog/src/unimacro/BRAM_SINGLE_MACRO.v:2170]
---------------------------------------------------------------------------------
Finished Constraint Validation : Time (s): cpu = 00:00:30 ; elapsed = 00:00:29 . Memory (MB): peak = 2509.414 ; gain = 878.676 ; free physical = 1294 ; free virtual = 5181
Synthesis current peak Physical Memory [PSS] (MB): peak = 1653.239; parent = 1470.789; children = 182.450
Synthesis current peak Virtual Memory [VSS] (MB): peak = 3475.945; parent = 2477.402; children = 998.543
---------------------------------------------------------------------------------
---------------------------------------------------------------------------------
Start Loading Part and Timing Information
---------------------------------------------------------------------------------
Loading part: xc7z020clg400-1
---------------------------------------------------------------------------------
Finished Loading Part and Timing Information : Time (s): cpu = 00:00:30 ; elapsed = 00:00:29 . Memory (MB): peak = 2509.414 ; gain = 878.676 ; free physical = 1294 ; free virtual = 5181
Synthesis current peak Physical Memory [PSS] (MB): peak = 1653.239; parent = 1470.789; children = 182.450
Synthesis current peak Virtual Memory [VSS] (MB): peak = 3475.945; parent = 2477.402; children = 998.543
---------------------------------------------------------------------------------
---------------------------------------------------------------------------------
Start Applying 'set_property' XDC Constraints
---------------------------------------------------------------------------------
Applied set_property KEEP_HIERARCHY = SOFT for inst. (constraint file  /home/likhith/mask_detection/mask_detection.runs/tensil_pynqz2_smartconnect_1_0_synth_1/dont_touch.xdc, line 71).
Applied set_property KEEP_HIERARCHY = SOFT for inst/s00_nodes/s00_ar_node/inst/m_sc_xpm_cdc_async_rst_inst. (constraint file  auto generated constraint).
Applied set_property KEEP_HIERARCHY = SOFT for inst/s00_nodes/s00_aw_node/inst/m_sc_xpm_cdc_async_rst_inst. (constraint file  auto generated constraint).
Applied set_property KEEP_HIERARCHY = SOFT for inst/s00_nodes/s00_b_node/inst/m_sc_xpm_cdc_async_rst_inst. (constraint file  auto generated constraint).
Applied set_property KEEP_HIERARCHY = SOFT for inst/s00_nodes/s00_r_node/inst/m_sc_xpm_cdc_async_rst_inst. (constraint file  auto generated constraint).
Applied set_property KEEP_HIERARCHY = SOFT for inst/s00_nodes/s00_w_node/inst/m_sc_xpm_cdc_async_rst_inst. (constraint file  auto generated constraint).
Applied set_property KEEP_HIERARCHY = SOFT for inst/s00_nodes/s00_ar_node/inst/s_sc_xpm_cdc_async_rst_inst. (constraint file  auto generated constraint).
Applied set_property KEEP_HIERARCHY = SOFT for inst/s00_nodes/s00_aw_node/inst/s_sc_xpm_cdc_async_rst_inst. (constraint file  auto generated constraint).
Applied set_property KEEP_HIERARCHY = SOFT for inst/s00_nodes/s00_b_node/inst/s_sc_xpm_cdc_async_rst_inst. (constraint file  auto generated constraint).
Applied set_property KEEP_HIERARCHY = SOFT for inst/s00_nodes/s00_r_node/inst/s_sc_xpm_cdc_async_rst_inst. (constraint file  auto generated constraint).
Applied set_property KEEP_HIERARCHY = SOFT for inst/s00_nodes/s00_w_node/inst/s_sc_xpm_cdc_async_rst_inst. (constraint file  auto generated constraint).
Applied set_property KEEP_HIERARCHY = SOFT for inst/m00_exit_pipeline/m00_exit/inst/xpm_cdc_async_rst_inst. (constraint file  auto generated constraint).
Applied set_property KEEP_HIERARCHY = SOFT for inst/s00_entry_pipeline/s00_mmu/inst/xpm_cdc_async_rst_inst. (constraint file  auto generated constraint).
Applied set_property KEEP_HIERARCHY = SOFT for inst/s00_entry_pipeline/s00_si_converter/inst/xpm_cdc_async_rst_inst. (constraint file  auto generated constraint).
Applied set_property KEEP_HIERARCHY = SOFT for inst/s00_entry_pipeline/s00_transaction_regulator/inst/xpm_cdc_async_rst_inst. (constraint file  auto generated constraint).
Applied set_property KEEP_HIERARCHY = SOFT for inst/s00_nodes/s00_ar_node/inst/inst_mi_handler/\gen_normal_area.inst_fifo_node_payld /\gen_xpm_memory_fifo.inst_fifo /\gen_mem_rep[0].inst_xpm_memory . (constraint file  auto generated constraint).
Applied set_property KEEP_HIERARCHY = SOFT for inst/s00_nodes/s00_aw_node/inst/inst_mi_handler/\gen_normal_area.inst_fifo_node_payld /\gen_xpm_memory_fifo.inst_fifo /\gen_mem_rep[0].inst_xpm_memory . (constraint file  auto generated constraint).
Applied set_property KEEP_HIERARCHY = SOFT for inst/s00_nodes/s00_b_node/inst/inst_mi_handler/\gen_normal_area.inst_fifo_node_payld /\gen_xpm_memory_fifo.inst_fifo /\gen_mem_rep[0].inst_xpm_memory . (constraint file  auto generated constraint).
Applied set_property KEEP_HIERARCHY = SOFT for inst/s00_nodes/s00_r_node/inst/inst_mi_handler/\gen_normal_area.inst_fifo_node_payld /\gen_xpm_memory_fifo.inst_fifo /\gen_mem_rep[0].inst_xpm_memory . (constraint file  auto generated constraint).
Applied set_property KEEP_HIERARCHY = SOFT for inst/s00_nodes/s00_w_node/inst/inst_mi_handler/\gen_normal_area.inst_fifo_node_payld /\gen_xpm_memory_fifo.inst_fifo /\gen_mem_rep[0].inst_xpm_memory . (constraint file  auto generated constraint).
---------------------------------------------------------------------------------
Finished applying 'set_property' XDC Constraints : Time (s): cpu = 00:00:30 ; elapsed = 00:00:29 . Memory (MB): peak = 2509.414 ; gain = 878.676 ; free physical = 1294 ; free virtual = 5180
Synthesis current peak Physical Memory [PSS] (MB): peak = 1653.239; parent = 1470.789; children = 182.450
Synthesis current peak Virtual Memory [VSS] (MB): peak = 3475.945; parent = 2477.402; children = 998.543
---------------------------------------------------------------------------------
INFO: [Synth 8-4490] FSM extraction disabled for register 'gen_pipelined.state_reg' through user attribute
INFO: [Synth 8-4490] FSM extraction disabled for register 'gen_pipelined.state_reg' through user attribute
INFO: [Synth 8-4490] FSM extraction disabled for register 'gen_pipelined.state_reg' through user attribute
INFO: [Synth 8-4490] FSM extraction disabled for register 'gen_pipelined.state_reg' through user attribute
INFO: [Synth 8-4490] FSM extraction disabled for register 'gen_pipelined.state_reg' through user attribute
INFO: [Synth 8-802] inferred FSM for state register 'gen_axi.gen_write.write_cs_reg' in module 'sc_mmu_v1_0_11_decerr_slave'
INFO: [Synth 8-4490] FSM extraction disabled for register 'gen_pipelined.state_reg' through user attribute
INFO: [Synth 8-4490] FSM extraction disabled for register 'gen_pipelined.state_reg' through user attribute
INFO: [Synth 8-4490] FSM extraction disabled for register 'gen_pipelined.state_reg' through user attribute
INFO: [Synth 8-4490] FSM extraction disabled for register 'gen_pipelined.state_reg' through user attribute
INFO: [Synth 8-4490] FSM extraction disabled for register 'gen_pipelined.state_reg' through user attribute
---------------------------------------------------------------------------------------------------
                   State |                     New Encoding |                Previous Encoding 
---------------------------------------------------------------------------------------------------
            P_WRITE_IDLE |                              001 |                               00
            P_WRITE_DATA |                              010 |                               01
            P_WRITE_RESP |                              100 |                               10
---------------------------------------------------------------------------------------------------
INFO: [Synth 8-3354] encoded FSM with state register 'gen_axi.gen_write.write_cs_reg' using encoding 'one-hot' in module 'sc_mmu_v1_0_11_decerr_slave'
---------------------------------------------------------------------------------
Finished RTL Optimization Phase 2 : Time (s): cpu = 00:00:33 ; elapsed = 00:00:33 . Memory (MB): peak = 2509.414 ; gain = 878.676 ; free physical = 1128 ; free virtual = 5024
Synthesis current peak Physical Memory [PSS] (MB): peak = 1653.239; parent = 1470.789; children = 182.450
Synthesis current peak Virtual Memory [VSS] (MB): peak = 3475.945; parent = 2477.402; children = 998.543
---------------------------------------------------------------------------------
---------------------------------------------------------------------------------
Start RTL Component Statistics 
---------------------------------------------------------------------------------
Detailed RTL Component Info : 
+---Adders : 
	   2 Input   32 Bit       Adders := 2     
	   2 Input    8 Bit       Adders := 11    
	   3 Input    8 Bit       Adders := 2     
	   2 Input    7 Bit       Adders := 4     
	   2 Input    6 Bit       Adders := 31    
	   3 Input    6 Bit       Adders := 2     
	   2 Input    5 Bit       Adders := 7     
	   3 Input    5 Bit       Adders := 2     
	   4 Input    5 Bit       Adders := 2     
	   2 Input    4 Bit       Adders := 23    
	   3 Input    4 Bit       Adders := 2     
	   2 Input    3 Bit       Adders := 4     
	   3 Input    1 Bit       Adders := 2     
+---XORs : 
	   2 Input      1 Bit         XORs := 49    
+---Registers : 
	             2178 Bit    Registers := 10    
	              512 Bit    Registers := 2     
	              160 Bit    Registers := 2     
	              144 Bit    Registers := 1     
	              106 Bit    Registers := 1     
	              103 Bit    Registers := 1     
	               77 Bit    Registers := 2     
	               64 Bit    Registers := 7     
	               47 Bit    Registers := 1     
	               33 Bit    Registers := 1     
	               25 Bit    Registers := 1     
	               22 Bit    Registers := 1     
	               18 Bit    Registers := 1     
	               16 Bit    Registers := 2     
	               14 Bit    Registers := 1     
	               12 Bit    Registers := 2     
	                9 Bit    Registers := 1     
	                8 Bit    Registers := 21    
	                7 Bit    Registers := 4     
	                6 Bit    Registers := 20    
	                5 Bit    Registers := 9     
	                4 Bit    Registers := 26    
	                3 Bit    Registers := 38    
	                2 Bit    Registers := 2     
	                1 Bit    Registers := 198   
+---Muxes : 
	   2 Input 2178 Bit        Muxes := 6     
	   2 Input  512 Bit        Muxes := 2     
	   2 Input   77 Bit        Muxes := 1     
	   2 Input   64 Bit        Muxes := 15    
	   2 Input   47 Bit        Muxes := 1     
	   2 Input   33 Bit        Muxes := 1     
	   2 Input   32 Bit        Muxes := 10    
	   2 Input   22 Bit        Muxes := 1     
	   2 Input   18 Bit        Muxes := 1     
	   2 Input   14 Bit        Muxes := 1     
	   2 Input   12 Bit        Muxes := 2     
	   2 Input    9 Bit        Muxes := 1     
	   2 Input    8 Bit        Muxes := 66    
	   4 Input    8 Bit        Muxes := 6     
	   3 Input    8 Bit        Muxes := 1     
	   2 Input    7 Bit        Muxes := 16    
	   4 Input    7 Bit        Muxes := 8     
	   2 Input    6 Bit        Muxes := 10    
	   2 Input    5 Bit        Muxes := 6     
	   2 Input    4 Bit        Muxes := 16    
	   4 Input    4 Bit        Muxes := 2     
	   2 Input    3 Bit        Muxes := 21    
	   4 Input    3 Bit        Muxes := 16    
	  11 Input    3 Bit        Muxes := 14    
	   5 Input    3 Bit        Muxes := 1     
	   2 Input    2 Bit        Muxes := 39    
	   3 Input    2 Bit        Muxes := 1     
	   2 Input    1 Bit        Muxes := 198   
	   3 Input    1 Bit        Muxes := 12    
	   6 Input    1 Bit        Muxes := 86    
	   4 Input    1 Bit        Muxes := 15    
	  10 Input    1 Bit        Muxes := 12    
	   7 Input    1 Bit        Muxes := 8     
	  12 Input    1 Bit        Muxes := 14    
	   5 Input    1 Bit        Muxes := 10    
---------------------------------------------------------------------------------
Finished RTL Component Statistics 
---------------------------------------------------------------------------------
---------------------------------------------------------------------------------
Start Part Resource Summary
---------------------------------------------------------------------------------
Part Resources:
DSPs: 220 (col length:60)
BRAMs: 280 (col length: RAMB18 60 RAMB36 30)
---------------------------------------------------------------------------------
Finished Part Resource Summary
---------------------------------------------------------------------------------
---------------------------------------------------------------------------------
Start Cross Boundary and Area Optimization
---------------------------------------------------------------------------------
WARNING: [Synth 8-7080] Parallel synthesis criteria is not met
---------------------------------------------------------------------------------
Finished Cross Boundary and Area Optimization : Time (s): cpu = 00:00:55 ; elapsed = 00:00:56 . Memory (MB): peak = 2509.414 ; gain = 878.676 ; free physical = 370 ; free virtual = 4240
Synthesis current peak Physical Memory [PSS] (MB): peak = 1653.239; parent = 1470.789; children = 182.450
Synthesis current peak Virtual Memory [VSS] (MB): peak = 3475.945; parent = 2477.402; children = 998.543
---------------------------------------------------------------------------------
---------------------------------------------------------------------------------
Start ROM, RAM, DSP, Shift Register and Retiming Reporting
---------------------------------------------------------------------------------

Distributed RAM: Preliminary Mapping Report (see note below)
+-------------------------------------------------------------------------------------------------------------------------------------------------------------------------------+----------------------------------+----------------+----------------------+--------------+
|Module Name                                                                                                                                                                    | RTL Object                       | Inference      | Size (Depth x Width) | Primitives   | 
+-------------------------------------------------------------------------------------------------------------------------------------------------------------------------------+----------------------------------+----------------+----------------------+--------------+
|inst/i_0/\s00_nodes/s00_ar_node/inst /\inst_mi_handler/gen_normal_area.inst_fifo_node_payld/gen_xpm_memory_fifo.inst_fifo/gen_mem_rep[0].inst_xpm_memory /xpm_memory_base_inst | gen_wr_a.gen_word_narrow.mem_reg | User Attribute | 32 x 160             | RAM32M x 27  | 
|inst/i_0/\s00_nodes/s00_aw_node/inst /\inst_mi_handler/gen_normal_area.inst_fifo_node_payld/gen_xpm_memory_fifo.inst_fifo/gen_mem_rep[0].inst_xpm_memory /xpm_memory_base_inst | gen_wr_a.gen_word_narrow.mem_reg | User Attribute | 32 x 160             | RAM32M x 27  | 
|inst/i_0/\s00_nodes/s00_b_node/inst /\inst_mi_handler/gen_normal_area.inst_fifo_node_payld/gen_xpm_memory_fifo.inst_fifo/gen_mem_rep[0].inst_xpm_memory /xpm_memory_base_inst  | gen_wr_a.gen_word_narrow.mem_reg | User Attribute | 32 x 25              | RAM32M x 5   | 
|inst/i_0/\s00_nodes/s00_r_node/inst /\inst_mi_handler/gen_normal_area.inst_fifo_node_payld/gen_xpm_memory_fifo.inst_fifo/gen_mem_rep[0].inst_xpm_memory /xpm_memory_base_inst  | gen_wr_a.gen_word_narrow.mem_reg | User Attribute | 32 x 103             | RAM32M x 18  | 
|inst/i_0/\s00_nodes/s00_w_node/inst /\inst_mi_handler/gen_normal_area.inst_fifo_node_payld/gen_xpm_memory_fifo.inst_fifo/gen_mem_rep[0].inst_xpm_memory /xpm_memory_base_inst  | gen_wr_a.gen_word_narrow.mem_reg | User Attribute | 32 x 106             | RAM32M x 18  | 
+-------------------------------------------------------------------------------------------------------------------------------------------------------------------------------+----------------------------------+----------------+----------------------+--------------+

Note: The table above is a preliminary report that shows the Distributed RAMs at the current stage of the synthesis flow. Some Distributed RAMs may be reimplemented as non Distributed RAM primitives later in the synthesis flow. Multiple instantiated RAMs are reported only once.
---------------------------------------------------------------------------------
Finished ROM, RAM, DSP, Shift Register and Retiming Reporting
---------------------------------------------------------------------------------
---------------------------------------------------------------------------------
Start Applying XDC Timing Constraints
---------------------------------------------------------------------------------
---------------------------------------------------------------------------------
Finished Applying XDC Timing Constraints : Time (s): cpu = 00:01:00 ; elapsed = 00:01:01 . Memory (MB): peak = 2509.414 ; gain = 878.676 ; free physical = 296 ; free virtual = 4171
Synthesis current peak Physical Memory [PSS] (MB): peak = 1653.239; parent = 1470.789; children = 182.450
Synthesis current peak Virtual Memory [VSS] (MB): peak = 3475.945; parent = 2477.402; children = 998.543
---------------------------------------------------------------------------------
---------------------------------------------------------------------------------
Start Timing Optimization
---------------------------------------------------------------------------------
---------------------------------------------------------------------------------
Finished Timing Optimization : Time (s): cpu = 00:01:04 ; elapsed = 00:01:05 . Memory (MB): peak = 2509.414 ; gain = 878.676 ; free physical = 256 ; free virtual = 4151
Synthesis current peak Physical Memory [PSS] (MB): peak = 1653.239; parent = 1470.789; children = 182.450
Synthesis current peak Virtual Memory [VSS] (MB): peak = 3475.945; parent = 2477.402; children = 998.543
---------------------------------------------------------------------------------
---------------------------------------------------------------------------------
Start ROM, RAM, DSP, Shift Register and Retiming Reporting
---------------------------------------------------------------------------------

Distributed RAM: Final Mapping Report
+-------------------------------------------------------------------------------------------------------------------------------------------------------------------------------+----------------------------------+----------------+----------------------+--------------+
|Module Name                                                                                                                                                                    | RTL Object                       | Inference      | Size (Depth x Width) | Primitives   | 
+-------------------------------------------------------------------------------------------------------------------------------------------------------------------------------+----------------------------------+----------------+----------------------+--------------+
|inst/i_0/\s00_nodes/s00_ar_node/inst /\inst_mi_handler/gen_normal_area.inst_fifo_node_payld/gen_xpm_memory_fifo.inst_fifo/gen_mem_rep[0].inst_xpm_memory /xpm_memory_base_inst | gen_wr_a.gen_word_narrow.mem_reg | User Attribute | 32 x 160             | RAM32M x 27  | 
|inst/i_0/\s00_nodes/s00_aw_node/inst /\inst_mi_handler/gen_normal_area.inst_fifo_node_payld/gen_xpm_memory_fifo.inst_fifo/gen_mem_rep[0].inst_xpm_memory /xpm_memory_base_inst | gen_wr_a.gen_word_narrow.mem_reg | User Attribute | 32 x 160             | RAM32M x 27  | 
|inst/i_0/\s00_nodes/s00_b_node/inst /\inst_mi_handler/gen_normal_area.inst_fifo_node_payld/gen_xpm_memory_fifo.inst_fifo/gen_mem_rep[0].inst_xpm_memory /xpm_memory_base_inst  | gen_wr_a.gen_word_narrow.mem_reg | User Attribute | 32 x 25              | RAM32M x 5   | 
|inst/i_0/\s00_nodes/s00_r_node/inst /\inst_mi_handler/gen_normal_area.inst_fifo_node_payld/gen_xpm_memory_fifo.inst_fifo/gen_mem_rep[0].inst_xpm_memory /xpm_memory_base_inst  | gen_wr_a.gen_word_narrow.mem_reg | User Attribute | 32 x 103             | RAM32M x 18  | 
|inst/i_0/\s00_nodes/s00_w_node/inst /\inst_mi_handler/gen_normal_area.inst_fifo_node_payld/gen_xpm_memory_fifo.inst_fifo/gen_mem_rep[0].inst_xpm_memory /xpm_memory_base_inst  | gen_wr_a.gen_word_narrow.mem_reg | User Attribute | 32 x 106             | RAM32M x 18  | 
+-------------------------------------------------------------------------------------------------------------------------------------------------------------------------------+----------------------------------+----------------+----------------------+--------------+

---------------------------------------------------------------------------------
Finished ROM, RAM, DSP, Shift Register and Retiming Reporting
---------------------------------------------------------------------------------
---------------------------------------------------------------------------------
Start Technology Mapping
---------------------------------------------------------------------------------
---------------------------------------------------------------------------------
Finished Technology Mapping : Time (s): cpu = 00:01:06 ; elapsed = 00:01:08 . Memory (MB): peak = 2509.414 ; gain = 878.676 ; free physical = 258 ; free virtual = 4153
Synthesis current peak Physical Memory [PSS] (MB): peak = 1653.239; parent = 1470.789; children = 182.450
Synthesis current peak Virtual Memory [VSS] (MB): peak = 3475.945; parent = 2477.402; children = 998.543
---------------------------------------------------------------------------------
---------------------------------------------------------------------------------
Start IO Insertion
---------------------------------------------------------------------------------
---------------------------------------------------------------------------------
Start Flattening Before IO Insertion
---------------------------------------------------------------------------------
---------------------------------------------------------------------------------
Finished Flattening Before IO Insertion
---------------------------------------------------------------------------------
---------------------------------------------------------------------------------
Start Final Netlist Cleanup
---------------------------------------------------------------------------------
---------------------------------------------------------------------------------
Finished Final Netlist Cleanup
---------------------------------------------------------------------------------
---------------------------------------------------------------------------------
Finished IO Insertion : Time (s): cpu = 00:01:11 ; elapsed = 00:01:13 . Memory (MB): peak = 2509.414 ; gain = 878.676 ; free physical = 244 ; free virtual = 4139
Synthesis current peak Physical Memory [PSS] (MB): peak = 1653.239; parent = 1470.789; children = 182.450
Synthesis current peak Virtual Memory [VSS] (MB): peak = 3475.945; parent = 2477.402; children = 998.543
---------------------------------------------------------------------------------
---------------------------------------------------------------------------------
Start Renaming Generated Instances
---------------------------------------------------------------------------------
---------------------------------------------------------------------------------
Finished Renaming Generated Instances : Time (s): cpu = 00:01:11 ; elapsed = 00:01:13 . Memory (MB): peak = 2509.414 ; gain = 878.676 ; free physical = 243 ; free virtual = 4138
Synthesis current peak Physical Memory [PSS] (MB): peak = 1653.239; parent = 1470.789; children = 182.450
Synthesis current peak Virtual Memory [VSS] (MB): peak = 3475.945; parent = 2477.402; children = 998.543
---------------------------------------------------------------------------------
---------------------------------------------------------------------------------
Start Rebuilding User Hierarchy
---------------------------------------------------------------------------------
---------------------------------------------------------------------------------
Finished Rebuilding User Hierarchy : Time (s): cpu = 00:01:11 ; elapsed = 00:01:13 . Memory (MB): peak = 2509.414 ; gain = 878.676 ; free physical = 234 ; free virtual = 4129
Synthesis current peak Physical Memory [PSS] (MB): peak = 1653.239; parent = 1470.789; children = 182.450
Synthesis current peak Virtual Memory [VSS] (MB): peak = 3475.945; parent = 2477.402; children = 998.543
---------------------------------------------------------------------------------
---------------------------------------------------------------------------------
Start Renaming Generated Ports
---------------------------------------------------------------------------------
---------------------------------------------------------------------------------
Finished Renaming Generated Ports : Time (s): cpu = 00:01:11 ; elapsed = 00:01:13 . Memory (MB): peak = 2509.414 ; gain = 878.676 ; free physical = 233 ; free virtual = 4128
Synthesis current peak Physical Memory [PSS] (MB): peak = 1653.239; parent = 1470.789; children = 182.450
Synthesis current peak Virtual Memory [VSS] (MB): peak = 3475.945; parent = 2477.402; children = 998.543
---------------------------------------------------------------------------------
---------------------------------------------------------------------------------
Start Handling Custom Attributes
---------------------------------------------------------------------------------
---------------------------------------------------------------------------------
Finished Handling Custom Attributes : Time (s): cpu = 00:01:11 ; elapsed = 00:01:13 . Memory (MB): peak = 2509.414 ; gain = 878.676 ; free physical = 230 ; free virtual = 4125
Synthesis current peak Physical Memory [PSS] (MB): peak = 1653.239; parent = 1470.789; children = 182.450
Synthesis current peak Virtual Memory [VSS] (MB): peak = 3475.945; parent = 2477.402; children = 998.543
---------------------------------------------------------------------------------
---------------------------------------------------------------------------------
Start Renaming Generated Nets
---------------------------------------------------------------------------------
---------------------------------------------------------------------------------
Finished Renaming Generated Nets : Time (s): cpu = 00:01:11 ; elapsed = 00:01:14 . Memory (MB): peak = 2509.414 ; gain = 878.676 ; free physical = 229 ; free virtual = 4124
Synthesis current peak Physical Memory [PSS] (MB): peak = 1653.239; parent = 1470.789; children = 182.450
Synthesis current peak Virtual Memory [VSS] (MB): peak = 3475.945; parent = 2477.402; children = 998.543
---------------------------------------------------------------------------------
---------------------------------------------------------------------------------
Start ROM, RAM, DSP, Shift Register and Retiming Reporting
---------------------------------------------------------------------------------

Dynamic Shift Register Report:
+------------+---------------+--------+------------+--------+---------+--------+--------+--------+
|Module Name | RTL Name      | Length | Data Width | SRL16E | SRLC32E | Mux F7 | Mux F8 | Mux F9 | 
+------------+---------------+--------+------------+--------+---------+--------+--------+--------+
|dsrl        | shift_reg_reg | 16     | 1          | 1      | 0       | 0      | 0      | 0      | 
|dsrl__1     | shift_reg_reg | 32     | 1          | 0      | 1       | 0      | 0      | 0      | 
+------------+---------------+--------+------------+--------+---------+--------+--------+--------+

---------------------------------------------------------------------------------
Finished ROM, RAM, DSP, Shift Register and Retiming Reporting
---------------------------------------------------------------------------------
---------------------------------------------------------------------------------
Start Writing Synthesis Report
---------------------------------------------------------------------------------

Report BlackBoxes: 
+-+--------------+----------+
| |BlackBox name |Instances |
+-+--------------+----------+
+-+--------------+----------+

Report Cell Usage: 
+------+--------+------+
|      |Cell    |Count |
+------+--------+------+
|1     |CARRY4  |    31|
|2     |LUT1    |    88|
|3     |LUT2    |   134|
|4     |LUT3    |   625|
|5     |LUT4    |   354|
|6     |LUT5    |   301|
|7     |LUT6    |   669|
|8     |MUXF7   |     9|
|9     |RAM32M  |    53|
|10    |SRL16   |     1|
|11    |SRL16E  |    91|
|12    |SRLC32E |   138|
|13    |FDCE    |    42|
|14    |FDR     |     4|
|15    |FDRE    |  1853|
|16    |FDSE    |    85|
+------+--------+------+
---------------------------------------------------------------------------------
Finished Writing Synthesis Report : Time (s): cpu = 00:01:11 ; elapsed = 00:01:14 . Memory (MB): peak = 2509.414 ; gain = 878.676 ; free physical = 228 ; free virtual = 4123
Synthesis current peak Physical Memory [PSS] (MB): peak = 1653.239; parent = 1470.789; children = 182.450
Synthesis current peak Virtual Memory [VSS] (MB): peak = 3475.945; parent = 2477.402; children = 998.543
---------------------------------------------------------------------------------
Synthesis finished with 0 errors, 0 critical warnings and 1 warnings.
Synthesis Optimization Runtime : Time (s): cpu = 00:00:59 ; elapsed = 00:01:03 . Memory (MB): peak = 2509.414 ; gain = 576.363 ; free physical = 279 ; free virtual = 4174
Synthesis Optimization Complete : Time (s): cpu = 00:01:12 ; elapsed = 00:01:14 . Memory (MB): peak = 2509.414 ; gain = 878.676 ; free physical = 279 ; free virtual = 4174
INFO: [Project 1-571] Translating synthesized netlist
Netlist sorting complete. Time (s): cpu = 00:00:00.16 ; elapsed = 00:00:00.16 . Memory (MB): peak = 2509.414 ; gain = 0.000 ; free physical = 376 ; free virtual = 4271
INFO: [Netlist 29-17] Analyzing 98 Unisim elements for replacement
INFO: [Netlist 29-28] Unisim Transformation completed in 0 CPU seconds
INFO: [Project 1-570] Preparing netlist for logic optimization
INFO: [Opt 31-138] Pushed 0 inverter(s) to 0 load pin(s).
Netlist sorting complete. Time (s): cpu = 00:00:00.01 ; elapsed = 00:00:00 . Memory (MB): peak = 2509.414 ; gain = 0.000 ; free physical = 302 ; free virtual = 4197
INFO: [Project 1-111] Unisim Transformation Summary:
  A total of 58 instances were transformed.
  FDR => FDRE: 4 instances
  RAM32M => RAM32M (RAMD32(x6), RAMS32(x2)): 53 instances
  SRL16 => SRL16E: 1 instance 

Synth Design complete, checksum: cb81649d
INFO: [Common 17-83] Releasing license: Synthesis
119 Infos, 209 Warnings, 0 Critical Warnings and 0 Errors encountered.
synth_design completed successfully
synth_design: Time (s): cpu = 00:01:23 ; elapsed = 00:01:20 . Memory (MB): peak = 2509.414 ; gain = 1179.301 ; free physical = 513 ; free virtual = 4408
INFO: [Common 17-1381] The checkpoint '/home/likhith/mask_detection/mask_detection.runs/tensil_pynqz2_smartconnect_1_0_synth_1/tensil_pynqz2_smartconnect_1_0.dcp' has been generated.
INFO: [Coretcl 2-1648] Added synthesis output to IP cache for IP tensil_pynqz2_smartconnect_1_0, cache-ID = 649ca894aa41fc21
INFO: [Coretcl 2-1174] Renamed 349 cell refs.
INFO: [Common 17-1381] The checkpoint '/home/likhith/mask_detection/mask_detection.runs/tensil_pynqz2_smartconnect_1_0_synth_1/tensil_pynqz2_smartconnect_1_0.dcp' has been generated.
INFO: [runtcl-4] Executing : report_utilization -file tensil_pynqz2_smartconnect_1_0_utilization_synth.rpt -pb tensil_pynqz2_smartconnect_1_0_utilization_synth.pb
INFO: [Common 17-206] Exiting Vivado at Thu Feb 26 22:08:26 2026...
